[ 2018-01-26T10:03:30+08:00 ] 192.168.1.2 /server/
INFO: [ app_init ] --START--
INFO: Run Behavior\BuildLiteBehavior [ RunTime:0.000012s ]
INFO: [ app_init ] --END-- [ RunTime:0.000386s ]
INFO: [ app_begin ] --START--
INFO: Run Behavior\ReadHtmlCacheBehavior [ RunTime:0.000482s ]
INFO: [ app_begin ] --END-- [ RunTime:0.000541s ]
NOTIC: [2048] Declaration of Home\Controller\IndexController::get() should be compatible with Think\Controller::get($name = '') D:\database\Project\working\company\aoAdmin\server\app\Home\Controller\IndexController.class.php 第 128 行.
NOTIC: [2] Missing argument 1 for F(), called in D:\database\Project\working\company\aoAdmin\server\app\Home\Controller\IndexController.class.php on line 10 and defined D:\database\Project\working\company\aoAdmin\server\ThinkPHP\Common\functions.php 第 1125 行.
NOTIC: [8] Undefined variable: name D:\database\Project\working\company\aoAdmin\server\ThinkPHP\Common\functions.php 第 1127 行.
NOTIC: [8] Undefined variable: name D:\database\Project\working\company\aoAdmin\server\ThinkPHP\Common\functions.php 第 1145 行.
INFO: [ app_end ] --START--
INFO: Run Behavior\ShowPageTraceBehavior [ RunTime:0.000944s ]
INFO: [ app_end ] --END-- [ RunTime:0.001036s ]

[ 2018-01-26T10:21:04+08:00 ] 192.168.1.2 /server/home/index/index
INFO: [ app_init ] --START--
INFO: Run Behavior\BuildLiteBehavior [ RunTime:0.000016s ]
INFO: [ app_init ] --END-- [ RunTime:0.000438s ]
INFO: [ app_begin ] --START--
INFO: Run Behavior\ReadHtmlCacheBehavior [ RunTime:0.000620s ]
INFO: [ app_begin ] --END-- [ RunTime:0.000688s ]
NOTIC: [2048] Declaration of Home\Controller\IndexController::get() should be compatible with Think\Controller::get($name = '') D:\database\Project\working\company\aoAdmin\server\app\Home\Controller\IndexController.class.php 第 128 行.
NOTIC: [2] Missing argument 1 for F(), called in D:\database\Project\working\company\aoAdmin\server\app\Home\Controller\IndexController.class.php on line 10 and defined D:\database\Project\working\company\aoAdmin\server\ThinkPHP\Common\functions.php 第 1125 行.
NOTIC: [8] Undefined variable: name D:\database\Project\working\company\aoAdmin\server\ThinkPHP\Common\functions.php 第 1127 行.
NOTIC: [8] Undefined variable: name D:\database\Project\working\company\aoAdmin\server\ThinkPHP\Common\functions.php 第 1145 行.
INFO: [ app_end ] --START--
INFO: Run Behavior\ShowPageTraceBehavior [ RunTime:0.000699s ]
INFO: [ app_end ] --END-- [ RunTime:0.000751s ]

[ 2018-01-26T10:21:10+08:00 ] 192.168.1.2 /server/home/index/text
INFO: [ app_init ] --START--
INFO: Run Behavior\BuildLiteBehavior [ RunTime:0.000010s ]
INFO: [ app_init ] --END-- [ RunTime:0.000236s ]
INFO: [ app_begin ] --START--
INFO: Run Behavior\ReadHtmlCacheBehavior [ RunTime:0.000368s ]
INFO: [ app_begin ] --END-- [ RunTime:0.000402s ]
NOTIC: [2048] Declaration of Home\Controller\IndexController::get() should be compatible with Think\Controller::get($name = '') D:\database\Project\working\company\aoAdmin\server\app\Home\Controller\IndexController.class.php 第 128 行.
ERR: 非法操作:text

[ 2018-01-26T10:47:44+08:00 ] 192.168.1.2 /server/home/goods/del
INFO: [ app_init ] --START--
INFO: Run Behavior\BuildLiteBehavior [ RunTime:0.000012s ]
INFO: [ app_init ] --END-- [ RunTime:0.000269s ]
INFO: [ app_begin ] --START--
INFO: Run Behavior\ReadHtmlCacheBehavior [ RunTime:0.000429s ]
INFO: [ app_begin ] --END-- [ RunTime:0.000473s ]
ERR: 无法加载控制器:Goods

[ 2018-01-26T15:10:16+08:00 ] 192.168.1.2 /server/home/feedback/add
INFO: [ app_init ] --START--
INFO: Run Behavior\BuildLiteBehavior [ RunTime:0.000010s ]
INFO: [ app_init ] --END-- [ RunTime:0.000252s ]
INFO: [ app_begin ] --START--
INFO: Run Behavior\ReadHtmlCacheBehavior [ RunTime:0.000395s ]
INFO: [ app_begin ] --END-- [ RunTime:0.000426s ]
SQL: SHOW COLUMNS FROM `ao_token` [ RunTime:0.0008s ]
SQL: SELECT * FROM `ao_token` WHERE `user_id` = 'false' AND `token` = 'false' LIMIT 1   [ RunTime:0.0003s ]

[ 2018-01-26T15:10:50+08:00 ] 192.168.1.2 /server/home/feedback/add
INFO: [ app_init ] --START--
INFO: Run Behavior\BuildLiteBehavior [ RunTime:0.000012s ]
INFO: [ app_init ] --END-- [ RunTime:0.000273s ]
INFO: [ app_begin ] --START--
INFO: Run Behavior\ReadHtmlCacheBehavior [ RunTime:0.000429s ]
INFO: [ app_begin ] --END-- [ RunTime:0.000473s ]
SQL: SHOW COLUMNS FROM `ao_token` [ RunTime:0.0007s ]
SQL: SELECT * FROM `ao_token` WHERE `user_id` = 'false' AND `token` = 'false' LIMIT 1   [ RunTime:0.0002s ]

[ 2018-01-26T15:11:24+08:00 ] 192.168.1.2 /server/home/feedback/add
INFO: [ app_init ] --START--
INFO: Run Behavior\BuildLiteBehavior [ RunTime:0.000021s ]
INFO: [ app_init ] --END-- [ RunTime:0.000253s ]
INFO: [ app_begin ] --START--
INFO: Run Behavior\ReadHtmlCacheBehavior [ RunTime:0.000334s ]
INFO: [ app_begin ] --END-- [ RunTime:0.000376s ]
SQL: SHOW COLUMNS FROM `ao_token` [ RunTime:0.0005s ]
SQL: SELECT * FROM `ao_token` WHERE `user_id` = 'false' AND `token` = 'false' LIMIT 1   [ RunTime:0.0003s ]

[ 2018-01-26T15:12:06+08:00 ] 192.168.1.2 /server/home/feedback/add
INFO: [ app_init ] --START--
INFO: Run Behavior\BuildLiteBehavior [ RunTime:0.000014s ]
INFO: [ app_init ] --END-- [ RunTime:0.000342s ]
INFO: [ app_begin ] --START--
INFO: Run Behavior\ReadHtmlCacheBehavior [ RunTime:0.000512s ]
INFO: [ app_begin ] --END-- [ RunTime:0.000561s ]
SQL: SHOW COLUMNS FROM `ao_token` [ RunTime:0.0009s ]
SQL: SELECT * FROM `ao_token` WHERE `user_id` = 'false' AND `token` = 'false' LIMIT 1   [ RunTime:0.0003s ]

[ 2018-01-26T21:05:02+08:00 ] 192.168.1.2 /server/home/index/index
INFO: [ app_init ] --START--
INFO: Run Behavior\BuildLiteBehavior [ RunTime:0.000026s ]
INFO: [ app_init ] --END-- [ RunTime:0.000711s ]
INFO: [ app_begin ] --START--
INFO: Run Behavior\ReadHtmlCacheBehavior [ RunTime:0.000588s ]
INFO: [ app_begin ] --END-- [ RunTime:0.000659s ]
NOTIC: [2048] Declaration of Home\Controller\IndexController::get() should be compatible with Think\Controller::get($name = '') D:\database\Project\working\company\aoAdmin\server\app\Home\Controller\IndexController.class.php 第 128 行.
NOTIC: [2] Missing argument 1 for F(), called in D:\database\Project\working\company\aoAdmin\server\app\Home\Controller\IndexController.class.php on line 10 and defined D:\database\Project\working\company\aoAdmin\server\ThinkPHP\Common\functions.php 第 1125 行.
NOTIC: [8] Undefined variable: name D:\database\Project\working\company\aoAdmin\server\ThinkPHP\Common\functions.php 第 1127 行.
NOTIC: [8] Undefined variable: name D:\database\Project\working\company\aoAdmin\server\ThinkPHP\Common\functions.php 第 1145 行.
INFO: [ app_end ] --START--
INFO: Run Behavior\ShowPageTraceBehavior [ RunTime:0.000770s ]
INFO: [ app_end ] --END-- [ RunTime:0.000851s ]

