[ 2018-01-25T16:43:56+08:00 ] 192.168.1.2 /server/Public/Upload/img/2018-01-24/5a680ec4d582f.jpg
INFO: [ app_init ] --START--
INFO: Run Behavior\BuildLiteBehavior [ RunTime:0.000016s ]
INFO: [ app_init ] --END-- [ RunTime:0.000577s ]
ERR: 无法加载模块:Public

[ 2018-01-25T16:43:56+08:00 ] 192.168.1.2 /server/Public/Upload/img/2018-01-24/5a680ec4cd95c.jpg
INFO: [ app_init ] --START--
INFO: Run Behavior\BuildLiteBehavior [ RunTime:0.000017s ]
INFO: [ app_init ] --END-- [ RunTime:0.000544s ]
ERR: 无法加载模块:Public

[ 2018-01-25T16:43:56+08:00 ] 192.168.1.2 /server/Public/Upload/img/2018-01-24/5a680ec4c6aaa.jpeg
INFO: [ app_init ] --START--
INFO: Run Behavior\BuildLiteBehavior [ RunTime:0.000017s ]
INFO: [ app_init ] --END-- [ RunTime:0.000524s ]
ERR: 无法加载模块:Public

[ 2018-01-25T16:43:56+08:00 ] 192.168.1.2 /server/Public/Upload/img/2018-01-24/5a685b10ac644.jpg
INFO: [ app_init ] --START--
INFO: Run Behavior\BuildLiteBehavior [ RunTime:0.000017s ]
INFO: [ app_init ] --END-- [ RunTime:0.000562s ]
ERR: 无法加载模块:Public

[ 2018-01-25T16:43:56+08:00 ] 192.168.1.2 /server/Public/Upload/img/2018-01-24/5a685b10b3432.jpg
INFO: [ app_init ] --START--
INFO: Run Behavior\BuildLiteBehavior [ RunTime:0.000017s ]
INFO: [ app_init ] --END-- [ RunTime:0.000808s ]
ERR: 无法加载模块:Public

[ 2018-01-25T16:43:56+08:00 ] 192.168.1.2 /server/Public/Upload/img/2018-01-24/5a685b10bb8a4.jpeg
INFO: [ app_init ] --START--
INFO: Run Behavior\BuildLiteBehavior [ RunTime:0.000016s ]
INFO: [ app_init ] --END-- [ RunTime:0.000477s ]
ERR: 无法加载模块:Public

[ 2018-01-25T16:43:56+08:00 ] 192.168.1.2 /server/Public/Upload/img/2018-01-24/5a685b10c9a03.jpg
INFO: [ app_init ] --START--
INFO: Run Behavior\BuildLiteBehavior [ RunTime:0.000018s ]
INFO: [ app_init ] --END-- [ RunTime:0.000629s ]
ERR: 无法加载模块:Public

[ 2018-01-25T16:43:56+08:00 ] 192.168.1.2 /server/Public/Upload/img/2018-01-24/5a685b1095041.jpg
INFO: [ app_init ] --START--
INFO: Run Behavior\BuildLiteBehavior [ RunTime:0.000015s ]
INFO: [ app_init ] --END-- [ RunTime:0.000646s ]
ERR: 无法加载模块:Public

[ 2018-01-25T16:43:56+08:00 ] 192.168.1.2 /server/Public/Upload/img/2018-01-24/5a685b10d3106.jpg
INFO: [ app_init ] --START--
INFO: Run Behavior\BuildLiteBehavior [ RunTime:0.000014s ]
INFO: [ app_init ] --END-- [ RunTime:0.000480s ]
ERR: 无法加载模块:Public

[ 2018-01-25T16:43:56+08:00 ] 192.168.1.2 /server/Public/Upload/img/2018-01-25/5a69753046911.jpg
INFO: [ app_init ] --START--
INFO: Run Behavior\BuildLiteBehavior [ RunTime:0.000015s ]
INFO: [ app_init ] --END-- [ RunTime:0.000497s ]
ERR: 无法加载模块:Public

[ 2018-01-25T16:43:56+08:00 ] 192.168.1.2 /server/Public/Upload/img/2018-01-25/5a6975304d9f6.jpg
INFO: [ app_init ] --START--
INFO: Run Behavior\BuildLiteBehavior [ RunTime:0.000026s ]
INFO: [ app_init ] --END-- [ RunTime:0.000723s ]
ERR: 无法加载模块:Public

[ 2018-01-25T16:43:56+08:00 ] 192.168.1.2 /server/Public/Upload/img/2018-01-25/5a69753055698.jpg
INFO: [ app_init ] --START--
INFO: Run Behavior\BuildLiteBehavior [ RunTime:0.000012s ]
INFO: [ app_init ] --END-- [ RunTime:0.000465s ]
ERR: 无法加载模块:Public

[ 2018-01-25T16:43:56+08:00 ] 192.168.1.2 /server/Public/Upload/img/2018-01-24/5a680ec4ddb34.jpg
INFO: [ app_init ] --START--
INFO: Run Behavior\BuildLiteBehavior [ RunTime:0.000015s ]
INFO: [ app_init ] --END-- [ RunTime:0.000514s ]
ERR: 无法加载模块:Public

[ 2018-01-25T16:43:56+08:00 ] 192.168.1.2 /server/Public/Upload/img/2018-01-24/5a685b10dc53b.jpg
INFO: [ app_init ] --START--
INFO: Run Behavior\BuildLiteBehavior [ RunTime:0.000016s ]
INFO: [ app_init ] --END-- [ RunTime:0.000627s ]
ERR: 无法加载模块:Public

[ 2018-01-25T16:43:58+08:00 ] 192.168.1.2 /server/Public/Upload/video/2018-01-25/5a697fc2b038f.mp4
INFO: [ app_init ] --START--
INFO: Run Behavior\BuildLiteBehavior [ RunTime:0.000016s ]
INFO: [ app_init ] --END-- [ RunTime:0.000586s ]
ERR: 无法加载模块:Public

[ 2018-01-25T16:43:58+08:00 ] 192.168.1.2 /server/Public/Upload/video/2018-01-25/5a697fc2a783d.mp4
INFO: [ app_init ] --START--
INFO: Run Behavior\BuildLiteBehavior [ RunTime:0.000015s ]
INFO: [ app_init ] --END-- [ RunTime:0.000545s ]
ERR: 无法加载模块:Public

[ 2018-01-25T16:43:58+08:00 ] 192.168.1.2 /server/Public/Upload/video/2018-01-25/5a697fc241a9e.mp4
INFO: [ app_init ] --START--
INFO: Run Behavior\BuildLiteBehavior [ RunTime:0.000019s ]
INFO: [ app_init ] --END-- [ RunTime:0.000850s ]
ERR: 无法加载模块:Public

[ 2018-01-25T16:43:58+08:00 ] 192.168.1.2 /server/Public/Upload/video/2018-01-25/5a697fc294a87.mp4
INFO: [ app_init ] --START--
INFO: Run Behavior\BuildLiteBehavior [ RunTime:0.000015s ]
INFO: [ app_init ] --END-- [ RunTime:0.000577s ]
ERR: 无法加载模块:Public

[ 2018-01-25T16:43:58+08:00 ] 192.168.1.2 /server/Public/Upload/video/2018-01-25/5a697fc27eb89.mp4
INFO: [ app_init ] --START--
INFO: Run Behavior\BuildLiteBehavior [ RunTime:0.000018s ]
INFO: [ app_init ] --END-- [ RunTime:0.000974s ]
ERR: 无法加载模块:Public

[ 2018-01-25T16:43:58+08:00 ] 192.168.1.2 /server/Public/Upload/video/2018-01-25/5a697ad790cc1.mp4
INFO: [ app_init ] --START--
INFO: Run Behavior\BuildLiteBehavior [ RunTime:0.000017s ]
INFO: [ app_init ] --END-- [ RunTime:0.000606s ]
ERR: 无法加载模块:Public

[ 2018-01-25T16:43:58+08:00 ] 192.168.1.2 /server/Public/Upload/video/2018-01-25/5a697fc2dfc76.mp4
INFO: [ app_init ] --START--
INFO: Run Behavior\BuildLiteBehavior [ RunTime:0.000017s ]
INFO: [ app_init ] --END-- [ RunTime:0.000719s ]
ERR: 无法加载模块:Public

[ 2018-01-25T16:43:58+08:00 ] 192.168.1.2 /server/Public/Upload/video/2018-01-25/5a697ad6c3d41.mp4
INFO: [ app_init ] --START--
INFO: Run Behavior\BuildLiteBehavior [ RunTime:0.000033s ]
INFO: [ app_init ] --END-- [ RunTime:0.001665s ]
ERR: 无法加载模块:Public

[ 2018-01-25T16:43:58+08:00 ] 192.168.1.2 /server/Public/Upload/audio/2018-01-25/5a6975d9efd7f.mp3
INFO: [ app_init ] --START--
INFO: Run Behavior\BuildLiteBehavior [ RunTime:0.000016s ]
INFO: [ app_init ] --END-- [ RunTime:0.000500s ]
ERR: 无法加载模块:Public

[ 2018-01-25T16:43:58+08:00 ] 192.168.1.2 /server/Public/Upload/audio/2018-01-25/5a6975b8ca86d.mp3
INFO: [ app_init ] --START--
INFO: Run Behavior\BuildLiteBehavior [ RunTime:0.000018s ]
INFO: [ app_init ] --END-- [ RunTime:0.000598s ]
ERR: 无法加载模块:Public

[ 2018-01-25T16:43:58+08:00 ] 192.168.1.2 /server/Public/Upload/audio/2018-01-25/5a6975bb614e3.mp3
INFO: [ app_init ] --START--
INFO: Run Behavior\BuildLiteBehavior [ RunTime:0.000019s ]
INFO: [ app_init ] --END-- [ RunTime:0.000617s ]
ERR: 无法加载模块:Public

[ 2018-01-25T16:43:59+08:00 ] 192.168.1.2 /server/Public/Upload/img/2018-01-24/5a680ec4cd95c.jpg
INFO: [ app_init ] --START--
INFO: Run Behavior\BuildLiteBehavior [ RunTime:0.000018s ]
INFO: [ app_init ] --END-- [ RunTime:0.000870s ]
ERR: 无法加载模块:Public

[ 2018-01-25T16:43:59+08:00 ] 192.168.1.2 /server/Public/Upload/img/2018-01-24/5a680ec4d582f.jpg
INFO: [ app_init ] --START--
INFO: Run Behavior\BuildLiteBehavior [ RunTime:0.000019s ]
INFO: [ app_init ] --END-- [ RunTime:0.000770s ]
ERR: 无法加载模块:Public

[ 2018-01-25T16:43:59+08:00 ] 192.168.1.2 /server/Public/Upload/img/2018-01-24/5a680ec4ddb34.jpg
INFO: [ app_init ] --START--
INFO: Run Behavior\BuildLiteBehavior [ RunTime:0.000016s ]
INFO: [ app_init ] --END-- [ RunTime:0.000603s ]
ERR: 无法加载模块:Public

[ 2018-01-25T16:43:59+08:00 ] 192.168.1.2 /server/Public/Upload/img/2018-01-24/5a680ec4e4f49.jpg
INFO: [ app_init ] --START--
INFO: Run Behavior\BuildLiteBehavior [ RunTime:0.000017s ]
INFO: [ app_init ] --END-- [ RunTime:0.000831s ]
ERR: 无法加载模块:Public

[ 2018-01-25T16:43:59+08:00 ] 192.168.1.2 /server/Public/Upload/img/2018-01-24/5a685b1095041.jpg
INFO: [ app_init ] --START--
INFO: Run Behavior\BuildLiteBehavior [ RunTime:0.000017s ]
INFO: [ app_init ] --END-- [ RunTime:0.000771s ]
ERR: 无法加载模块:Public

[ 2018-01-25T16:43:59+08:00 ] 192.168.1.2 /server/Public/Upload/img/2018-01-24/5a685b10ac644.jpg
INFO: [ app_init ] --START--
INFO: Run Behavior\BuildLiteBehavior [ RunTime:0.000014s ]
INFO: [ app_init ] --END-- [ RunTime:0.000492s ]
ERR: 无法加载模块:Public

[ 2018-01-25T16:43:59+08:00 ] 192.168.1.2 /server/Public/Upload/img/2018-01-24/5a685b10b3432.jpg
INFO: [ app_init ] --START--
INFO: Run Behavior\BuildLiteBehavior [ RunTime:0.000016s ]
INFO: [ app_init ] --END-- [ RunTime:0.000497s ]
ERR: 无法加载模块:Public

[ 2018-01-25T16:43:59+08:00 ] 192.168.1.2 /server/Public/Upload/img/2018-01-24/5a685b109d883.jpg
INFO: [ app_init ] --START--
INFO: Run Behavior\BuildLiteBehavior [ RunTime:0.000019s ]
INFO: [ app_init ] --END-- [ RunTime:0.000883s ]
ERR: 无法加载模块:Public

[ 2018-01-25T16:43:59+08:00 ] 192.168.1.2 /server/Public/Upload/img/2018-01-24/5a685b10c9a03.jpg
INFO: [ app_init ] --START--
INFO: Run Behavior\BuildLiteBehavior [ RunTime:0.000017s ]
INFO: [ app_init ] --END-- [ RunTime:0.000513s ]
ERR: 无法加载模块:Public


[ 2018-01-25T16:43:59+08:00 ] 192.168.1.2 /server/Public/Upload/img/2018-01-24/5a685b10dc53b.jpg
INFO: [ app_init ] --START--
INFO: Run Behavior\BuildLiteBehavior [ RunTime:0.000019s ]
INFO: [ app_init ] --END-- [ RunTime:0.000591s ]
ERR: 无法加载模块:Public

[ 2018-01-25T16:43:59+08:00 ] 192.168.1.2 /server/Public/Upload/img/2018-01-25/5a69753055698.jpg
INFO: [ app_init ] --START--
INFO: Run Behavior\BuildLiteBehavior [ RunTime:0.000018s ]
INFO: [ app_init ] --END-- [ RunTime:0.001440s ]
ERR: 无法加载模块:Public

[ 2018-01-25T16:43:59+08:00 ] 192.168.1.2 /server/Public/Upload/img/2018-01-24/5a685b10bb8a4.jpeg
INFO: [ app_init ] --START--
INFO: Run Behavior\BuildLiteBehavior [ RunTime:0.000018s ]
INFO: [ app_init ] --END-- [ RunTime:0.000897s ]
ERR: 无法加载模块:Public

[ 2018-01-25T16:43:59+08:00 ] 192.168.1.2 /server/Public/Upload/img/2018-01-24/5a685b10d3106.jpg
INFO: [ app_init ] --START--
INFO: Run Behavior\BuildLiteBehavior [ RunTime:0.000016s ]
INFO: [ app_init ] --END-- [ RunTime:0.000526s ]
ERR: 无法加载模块:Public

[ 2018-01-25T16:43:59+08:00 ] 192.168.1.2 /server/Public/Upload/img/2018-01-25/5a69753046911.jpg
INFO: [ app_init ] --START--
INFO: Run Behavior\BuildLiteBehavior [ RunTime:0.000019s ]
INFO: [ app_init ] --END-- [ RunTime:0.000596s ]
ERR: 无法加载模块:Public

[ 2018-01-25T16:44:01+08:00 ] 192.168.1.2 /server/Public/Upload/img/2018-01-25/5a6975305d58f.jpg
INFO: [ app_init ] --START--
INFO: Run Behavior\BuildLiteBehavior [ RunTime:0.000017s ]
INFO: [ app_init ] --END-- [ RunTime:0.000553s ]
ERR: 无法加载模块:Public

[ 2018-01-25T16:44:01+08:00 ] 192.168.1.2 /server/Public/Upload/video/2018-01-25/5a697fc2b038f.mp4
INFO: [ app_init ] --START--
INFO: Run Behavior\BuildLiteBehavior [ RunTime:0.000017s ]
INFO: [ app_init ] --END-- [ RunTime:0.000567s ]
ERR: 无法加载模块:Public

[ 2018-01-25T16:44:01+08:00 ] 192.168.1.2 /server/Public/Upload/video/2018-01-25/5a697fc27eb89.mp4
INFO: [ app_init ] --START--
INFO: Run Behavior\BuildLiteBehavior [ RunTime:0.000017s ]
INFO: [ app_init ] --END-- [ RunTime:0.000525s ]
ERR: 无法加载模块:Public

[ 2018-01-25T16:44:01+08:00 ] 192.168.1.2 /server/Public/Upload/video/2018-01-25/5a697fc241a9e.mp4
INFO: [ app_init ] --START--
INFO: Run Behavior\BuildLiteBehavior [ RunTime:0.000015s ]
INFO: [ app_init ] --END-- [ RunTime:0.000568s ]
ERR: 无法加载模块:Public

[ 2018-01-25T16:44:01+08:00 ] 192.168.1.2 /server/Public/Upload/video/2018-01-25/5a697ad6c3d41.mp4
INFO: [ app_init ] --START--
INFO: Run Behavior\BuildLiteBehavior [ RunTime:0.000022s ]
INFO: [ app_init ] --END-- [ RunTime:0.001616s ]
ERR: 无法加载模块:Public

[ 2018-01-25T16:44:01+08:00 ] 192.168.1.2 /server/Public/Upload/video/2018-01-25/5a697fc294a87.mp4
INFO: [ app_init ] --START--
INFO: Run Behavior\BuildLiteBehavior [ RunTime:0.000020s ]
INFO: [ app_init ] --END-- [ RunTime:0.000892s ]
ERR: 无法加载模块:Public

[ 2018-01-25T16:44:01+08:00 ] 192.168.1.2 /server/Public/Upload/video/2018-01-25/5a697ad790cc1.mp4
INFO: [ app_init ] --START--
INFO: Run Behavior\BuildLiteBehavior [ RunTime:0.000016s ]
INFO: [ app_init ] --END-- [ RunTime:0.000583s ]
ERR: 无法加载模块:Public

[ 2018-01-25T16:44:01+08:00 ] 192.168.1.2 /server/Public/Upload/video/2018-01-25/5a697fc2dfc76.mp4
INFO: [ app_init ] --START--
INFO: Run Behavior\BuildLiteBehavior [ RunTime:0.000017s ]
INFO: [ app_init ] --END-- [ RunTime:0.000492s ]
ERR: 无法加载模块:Public

[ 2018-01-25T16:44:01+08:00 ] 192.168.1.2 /server/Public/Upload/audio/2018-01-25/5a6975b8ca86d.mp3
INFO: [ app_init ] --START--
INFO: Run Behavior\BuildLiteBehavior [ RunTime:0.000018s ]
INFO: [ app_init ] --END-- [ RunTime:0.000563s ]
ERR: 无法加载模块:Public

[ 2018-01-25T16:44:01+08:00 ] 192.168.1.2 /server/Public/Upload/audio/2018-01-25/5a6975d9efd7f.mp3
INFO: [ app_init ] --START--
INFO: Run Behavior\BuildLiteBehavior [ RunTime:0.000018s ]
INFO: [ app_init ] --END-- [ RunTime:0.000595s ]
ERR: 无法加载模块:Public

[ 2018-01-25T16:44:01+08:00 ] 192.168.1.2 /server/Public/Upload/video/2018-01-25/5a697fc2a783d.mp4
INFO: [ app_init ] --START--
INFO: Run Behavior\BuildLiteBehavior [ RunTime:0.000017s ]
INFO: [ app_init ] --END-- [ RunTime:0.000574s ]
ERR: 无法加载模块:Public

[ 2018-01-25T16:44:01+08:00 ] 192.168.1.2 /server/Public/Upload/audio/2018-01-25/5a6975bb614e3.mp3
INFO: [ app_init ] --START--
INFO: Run Behavior\BuildLiteBehavior [ RunTime:0.000021s ]
INFO: [ app_init ] --END-- [ RunTime:0.004212s ]
ERR: 无法加载模块:Public

[ 2018-01-25T16:44:02+08:00 ] 192.168.1.2 /server/Public/Upload/img/2018-01-24/5a680ec4c6aaa.jpeg
INFO: [ app_init ] --START--
INFO: Run Behavior\BuildLiteBehavior [ RunTime:0.000016s ]
INFO: [ app_init ] --END-- [ RunTime:0.000546s ]
ERR: 无法加载模块:Public

[ 2018-01-25T16:44:02+08:00 ] 192.168.1.2 /server/Public/Upload/img/2018-01-24/5a680ec4ddb34.jpg
INFO: [ app_init ] --START--
INFO: Run Behavior\BuildLiteBehavior [ RunTime:0.000025s ]
INFO: [ app_init ] --END-- [ RunTime:0.000563s ]
ERR: 无法加载模块:Public

[ 2018-01-25T16:44:02+08:00 ] 192.168.1.2 /server/Public/Upload/img/2018-01-24/5a680ec4e4f49.jpg
INFO: [ app_init ] --START--
INFO: Run Behavior\BuildLiteBehavior [ RunTime:0.000019s ]
INFO: [ app_init ] --END-- [ RunTime:0.000587s ]
ERR: 无法加载模块:Public

[ 2018-01-25T16:44:02+08:00 ] 192.168.1.2 /server/Public/Upload/img/2018-01-24/5a685b109d883.jpg
INFO: [ app_init ] --START--
INFO: Run Behavior\BuildLiteBehavior [ RunTime:0.000016s ]
INFO: [ app_init ] --END-- [ RunTime:0.000523s ]
ERR: 无法加载模块:Public

[ 2018-01-25T16:44:02+08:00 ] 192.168.1.2 /server/Public/Upload/img/2018-01-24/5a685b10ac644.jpg
INFO: [ app_init ] --START--
INFO: Run Behavior\BuildLiteBehavior [ RunTime:0.000018s ]
INFO: [ app_init ] --END-- [ RunTime:0.000515s ]
ERR: 无法加载模块:Public

[ 2018-01-25T16:44:02+08:00 ] 192.168.1.2 /server/Public/Upload/img/2018-01-24/5a680ec4cd95c.jpg
INFO: [ app_init ] --START--
INFO: Run Behavior\BuildLiteBehavior [ RunTime:0.000017s ]
INFO: [ app_init ] --END-- [ RunTime:0.000620s ]
ERR: 无法加载模块:Public

[ 2018-01-25T16:44:02+08:00 ] 192.168.1.2 /server/Public/Upload/img/2018-01-24/5a685b10b3432.jpg
INFO: [ app_init ] --START--
INFO: Run Behavior\BuildLiteBehavior [ RunTime:0.000022s ]
INFO: [ app_init ] --END-- [ RunTime:0.001862s ]
ERR: 无法加载模块:Public

[ 2018-01-25T16:44:02+08:00 ] 192.168.1.2 /server/Public/Upload/img/2018-01-24/5a685b10bb8a4.jpeg
INFO: [ app_init ] --START--
INFO: Run Behavior\BuildLiteBehavior [ RunTime:0.000015s ]
INFO: [ app_init ] --END-- [ RunTime:0.000565s ]
ERR: 无法加载模块:Public

[ 2018-01-25T16:44:02+08:00 ] 192.168.1.2 /server/Public/Upload/img/2018-01-24/5a685b10c9a03.jpg
INFO: [ app_init ] --START--
INFO: Run Behavior\BuildLiteBehavior [ RunTime:0.000018s ]
INFO: [ app_init ] --END-- [ RunTime:0.000544s ]
ERR: 无法加载模块:Public

[ 2018-01-25T16:44:02+08:00 ] 192.168.1.2 /server/Public/Upload/img/2018-01-24/5a680ec4d582f.jpg
INFO: [ app_init ] --START--
INFO: Run Behavior\BuildLiteBehavior [ RunTime:0.000018s ]
INFO: [ app_init ] --END-- [ RunTime:0.001018s ]
ERR: 无法加载模块:Public

[ 2018-01-25T16:44:02+08:00 ] 192.168.1.2 /server/Public/Upload/img/2018-01-24/5a685b1095041.jpg
INFO: [ app_init ] --START--
INFO: Run Behavior\BuildLiteBehavior [ RunTime:0.000017s ]
INFO: [ app_init ] --END-- [ RunTime:0.000570s ]
ERR: 无法加载模块:Public

[ 2018-01-25T16:44:02+08:00 ] 192.168.1.2 /server/Public/Upload/img/2018-01-25/5a6975304d9f6.jpg
INFO: [ app_init ] --START--
INFO: Run Behavior\BuildLiteBehavior [ RunTime:0.000022s ]
INFO: [ app_init ] --END-- [ RunTime:0.000628s ]
ERR: 无法加载模块:Public

[ 2018-01-25T16:44:02+08:00 ] 192.168.1.2 /server/Public/Upload/img/2018-01-24/5a685b10dc53b.jpg
INFO: [ app_init ] --START--
INFO: Run Behavior\BuildLiteBehavior [ RunTime:0.000017s ]
INFO: [ app_init ] --END-- [ RunTime:0.000588s ]
ERR: 无法加载模块:Public

[ 2018-01-25T16:44:02+08:00 ] 192.168.1.2 /server/Public/Upload/img/2018-01-25/5a69753046911.jpg
INFO: [ app_init ] --START--
INFO: Run Behavior\BuildLiteBehavior [ RunTime:0.000019s ]
INFO: [ app_init ] --END-- [ RunTime:0.001717s ]
ERR: 无法加载模块:Public

[ 2018-01-25T16:44:06+08:00 ] 192.168.1.2 /server/Public/Upload/img/2018-01-25/5a6975305d58f.jpg
INFO: [ app_init ] --START--
INFO: Run Behavior\BuildLiteBehavior [ RunTime:0.000016s ]
INFO: [ app_init ] --END-- [ RunTime:0.000774s ]
ERR: 无法加载模块:Public

[ 2018-01-25T16:44:06+08:00 ] 192.168.1.2 /server/Public/Upload/video/2018-01-25/5a697fc2a783d.mp4
INFO: [ app_init ] --START--
INFO: Run Behavior\BuildLiteBehavior [ RunTime:0.000020s ]
INFO: [ app_init ] --END-- [ RunTime:0.000548s ]
ERR: 无法加载模块:Public

[ 2018-01-25T16:44:06+08:00 ] 192.168.1.2 /server/Public/Upload/video/2018-01-25/5a697fc2b038f.mp4
INFO: [ app_init ] --START--
INFO: Run Behavior\BuildLiteBehavior [ RunTime:0.000019s ]
INFO: [ app_init ] --END-- [ RunTime:0.000859s ]
ERR: 无法加载模块:Public

[ 2018-01-25T16:44:06+08:00 ] 192.168.1.2 /server/Public/Upload/video/2018-01-25/5a697fc294a87.mp4
INFO: [ app_init ] --START--
INFO: Run Behavior\BuildLiteBehavior [ RunTime:0.000018s ]
INFO: [ app_init ] --END-- [ RunTime:0.000655s ]
ERR: 无法加载模块:Public

[ 2018-01-25T16:44:06+08:00 ] 192.168.1.2 /server/Public/Upload/video/2018-01-25/5a697fc27eb89.mp4
INFO: [ app_init ] --START--
INFO: Run Behavior\BuildLiteBehavior [ RunTime:0.000018s ]
INFO: [ app_init ] --END-- [ RunTime:0.000923s ]
ERR: 无法加载模块:Public

[ 2018-01-25T16:44:06+08:00 ] 192.168.1.2 /server/Public/Upload/video/2018-01-25/5a697ad790cc1.mp4
INFO: [ app_init ] --START--
INFO: Run Behavior\BuildLiteBehavior [ RunTime:0.000019s ]
INFO: [ app_init ] --END-- [ RunTime:0.000724s ]
ERR: 无法加载模块:Public

[ 2018-01-25T16:44:06+08:00 ] 192.168.1.2 /server/Public/Upload/audio/2018-01-25/5a6975d9efd7f.mp3
INFO: [ app_init ] --START--
INFO: Run Behavior\BuildLiteBehavior [ RunTime:0.000016s ]
INFO: [ app_init ] --END-- [ RunTime:0.000772s ]
ERR: 无法加载模块:Public

[ 2018-01-25T16:44:06+08:00 ] 192.168.1.2 /server/Public/Upload/audio/2018-01-25/5a6975bb614e3.mp3
INFO: [ app_init ] --START--
INFO: Run Behavior\BuildLiteBehavior [ RunTime:0.000020s ]
INFO: [ app_init ] --END-- [ RunTime:0.001059s ]
ERR: 无法加载模块:Public

[ 2018-01-25T16:44:06+08:00 ] 192.168.1.2 /server/Public/Upload/video/2018-01-25/5a697ad6c3d41.mp4
INFO: [ app_init ] --START--
INFO: Run Behavior\BuildLiteBehavior [ RunTime:0.000020s ]
INFO: [ app_init ] --END-- [ RunTime:0.000710s ]
ERR: 无法加载模块:Public

[ 2018-01-25T16:44:06+08:00 ] 192.168.1.2 /server/Public/Upload/audio/2018-01-25/5a6975b8ca86d.mp3
INFO: [ app_init ] --START--
INFO: Run Behavior\BuildLiteBehavior [ RunTime:0.000017s ]
INFO: [ app_init ] --END-- [ RunTime:0.000528s ]
ERR: 无法加载模块:Public

[ 2018-01-25T16:44:06+08:00 ] 192.168.1.2 /server/Public/Upload/video/2018-01-25/5a697fc2dfc76.mp4
INFO: [ app_init ] --START--
INFO: Run Behavior\BuildLiteBehavior [ RunTime:0.000017s ]
INFO: [ app_init ] --END-- [ RunTime:0.000631s ]
ERR: 无法加载模块:Public

[ 2018-01-25T16:44:06+08:00 ] 192.168.1.2 /server/Public/Upload/video/2018-01-25/5a697fc241a9e.mp4
INFO: [ app_init ] --START--
INFO: Run Behavior\BuildLiteBehavior [ RunTime:0.000020s ]
INFO: [ app_init ] --END-- [ RunTime:0.009963s ]
ERR: 无法加载模块:Public

[ 2018-01-25T16:44:07+08:00 ] 192.168.1.2 /server/Public/Upload/img/2018-01-24/5a680ec4cd95c.jpg
INFO: [ app_init ] --START--
INFO: Run Behavior\BuildLiteBehavior [ RunTime:0.000015s ]
INFO: [ app_init ] --END-- [ RunTime:0.000601s ]
ERR: 无法加载模块:Public

[ 2018-01-25T16:44:07+08:00 ] 192.168.1.2 /server/Public/Upload/img/2018-01-24/5a680ec4c6aaa.jpeg
INFO: [ app_init ] --START--
INFO: Run Behavior\BuildLiteBehavior [ RunTime:0.000017s ]
INFO: [ app_init ] --END-- [ RunTime:0.000774s ]
ERR: 无法加载模块:Public

[ 2018-01-25T16:44:07+08:00 ] 192.168.1.2 /server/Public/Upload/img/2018-01-24/5a680ec4ddb34.jpg
INFO: [ app_init ] --START--
INFO: Run Behavior\BuildLiteBehavior [ RunTime:0.000015s ]
INFO: [ app_init ] --END-- [ RunTime:0.000682s ]
ERR: 无法加载模块:Public

[ 2018-01-25T16:44:07+08:00 ] 192.168.1.2 /server/Public/Upload/img/2018-01-24/5a685b1095041.jpg
INFO: [ app_init ] --START--
INFO: Run Behavior\BuildLiteBehavior [ RunTime:0.000016s ]
INFO: [ app_init ] --END-- [ RunTime:0.000534s ]
ERR: 无法加载模块:Public

[ 2018-01-25T16:44:07+08:00 ] 192.168.1.2 /server/Public/Upload/img/2018-01-24/5a685b109d883.jpg
INFO: [ app_init ] --START--
INFO: Run Behavior\BuildLiteBehavior [ RunTime:0.000021s ]
INFO: [ app_init ] --END-- [ RunTime:0.000857s ]
ERR: 无法加载模块:Public

[ 2018-01-25T16:44:07+08:00 ] 192.168.1.2 /server/Public/Upload/img/2018-01-24/5a685b10bb8a4.jpeg
INFO: [ app_init ] --START--
INFO: Run Behavior\BuildLiteBehavior [ RunTime:0.000014s ]
INFO: [ app_init ] --END-- [ RunTime:0.000526s ]
ERR: 无法加载模块:Public

[ 2018-01-25T16:44:07+08:00 ] 192.168.1.2 /server/Public/Upload/img/2018-01-24/5a685b10b3432.jpg
INFO: [ app_init ] --START--
INFO: Run Behavior\BuildLiteBehavior [ RunTime:0.000017s ]
INFO: [ app_init ] --END-- [ RunTime:0.000669s ]
ERR: 无法加载模块:Public

[ 2018-01-25T16:44:07+08:00 ] 192.168.1.2 /server/Public/Upload/img/2018-01-24/5a685b10c9a03.jpg
INFO: [ app_init ] --START--
INFO: Run Behavior\BuildLiteBehavior [ RunTime:0.000023s ]
INFO: [ app_init ] --END-- [ RunTime:0.000571s ]
ERR: 无法加载模块:Public

[ 2018-01-25T16:44:07+08:00 ] 192.168.1.2 /server/Public/Upload/img/2018-01-24/5a680ec4e4f49.jpg
INFO: [ app_init ] --START--
INFO: Run Behavior\BuildLiteBehavior [ RunTime:0.000016s ]
INFO: [ app_init ] --END-- [ RunTime:0.001082s ]
ERR: 无法加载模块:Public

[ 2018-01-25T16:44:07+08:00 ] 192.168.1.2 /server/Public/Upload/img/2018-01-24/5a685b10dc53b.jpg
INFO: [ app_init ] --START--
INFO: Run Behavior\BuildLiteBehavior [ RunTime:0.000022s ]
INFO: [ app_init ] --END-- [ RunTime:0.000719s ]
ERR: 无法加载模块:Public

[ 2018-01-25T16:44:07+08:00 ] 192.168.1.2 /server/Public/Upload/img/2018-01-24/5a685b10d3106.jpg
INFO: [ app_init ] --START--
INFO: Run Behavior\BuildLiteBehavior [ RunTime:0.000017s ]
INFO: [ app_init ] --END-- [ RunTime:0.000530s ]
ERR: 无法加载模块:Public

[ 2018-01-25T16:44:07+08:00 ] 192.168.1.2 /server/Public/Upload/img/2018-01-25/5a6975304d9f6.jpg
INFO: [ app_init ] --START--
INFO: Run Behavior\BuildLiteBehavior [ RunTime:0.000018s ]
INFO: [ app_init ] --END-- [ RunTime:0.000599s ]
ERR: 无法加载模块:Public

[ 2018-01-25T16:44:07+08:00 ] 192.168.1.2 /server/Public/Upload/img/2018-01-25/5a69753055698.jpg
INFO: [ app_init ] --START--
INFO: Run Behavior\BuildLiteBehavior [ RunTime:0.000016s ]
INFO: [ app_init ] --END-- [ RunTime:0.000541s ]
ERR: 无法加载模块:Public

[ 2018-01-25T16:44:07+08:00 ] 192.168.1.2 /server/Public/Upload/img/2018-01-24/5a685b10ac644.jpg
INFO: [ app_init ] --START--
INFO: Run Behavior\BuildLiteBehavior [ RunTime:0.000015s ]
INFO: [ app_init ] --END-- [ RunTime:0.000564s ]
ERR: 无法加载模块:Public

[ 2018-01-25T16:44:07+08:00 ] 192.168.1.2 /server/Public/Upload/img/2018-01-24/5a680ec4d582f.jpg
INFO: [ app_init ] --START--
INFO: Run Behavior\BuildLiteBehavior [ RunTime:0.000017s ]
INFO: [ app_init ] --END-- [ RunTime:0.000624s ]
ERR: 无法加载模块:Public

[ 2018-01-25T16:44:08+08:00 ] 192.168.1.2 /server/Public/Upload/img/2018-01-25/5a6975305d58f.jpg
INFO: [ app_init ] --START--
INFO: Run Behavior\BuildLiteBehavior [ RunTime:0.000015s ]
INFO: [ app_init ] --END-- [ RunTime:0.000812s ]
ERR: 无法加载模块:Public

[ 2018-01-25T16:44:08+08:00 ] 192.168.1.2 /server/Public/Upload/video/2018-01-25/5a697fc2dfc76.mp4
INFO: [ app_init ] --START--
INFO: Run Behavior\BuildLiteBehavior [ RunTime:0.000017s ]
INFO: [ app_init ] --END-- [ RunTime:0.000594s ]
ERR: 无法加载模块:Public

[ 2018-01-25T16:44:08+08:00 ] 192.168.1.2 /server/Public/Upload/video/2018-01-25/5a697fc2b038f.mp4
INFO: [ app_init ] --START--
INFO: Run Behavior\BuildLiteBehavior [ RunTime:0.000045s ]
INFO: [ app_init ] --END-- [ RunTime:0.000626s ]
ERR: 无法加载模块:Public

[ 2018-01-25T16:44:08+08:00 ] 192.168.1.2 /server/Public/Upload/video/2018-01-25/5a697fc2a783d.mp4
INFO: [ app_init ] --START--
INFO: Run Behavior\BuildLiteBehavior [ RunTime:0.000019s ]
INFO: [ app_init ] --END-- [ RunTime:0.000629s ]
ERR: 无法加载模块:Public

[ 2018-01-25T16:44:08+08:00 ] 192.168.1.2 /server/Public/Upload/video/2018-01-25/5a697fc294a87.mp4
INFO: [ app_init ] --START--
INFO: Run Behavior\BuildLiteBehavior [ RunTime:0.000016s ]
INFO: [ app_init ] --END-- [ RunTime:0.000504s ]
ERR: 无法加载模块:Public

[ 2018-01-25T16:44:08+08:00 ] 192.168.1.2 /server/Public/Upload/video/2018-01-25/5a697fc27eb89.mp4
INFO: [ app_init ] --START--
INFO: Run Behavior\BuildLiteBehavior [ RunTime:0.000015s ]
INFO: [ app_init ] --END-- [ RunTime:0.000534s ]
ERR: 无法加载模块:Public

[ 2018-01-25T16:44:08+08:00 ] 192.168.1.2 /server/Public/Upload/video/2018-01-25/5a697fc241a9e.mp4
INFO: [ app_init ] --START--
INFO: Run Behavior\BuildLiteBehavior [ RunTime:0.000020s ]
INFO: [ app_init ] --END-- [ RunTime:0.000603s ]
ERR: 无法加载模块:Public

[ 2018-01-25T16:44:08+08:00 ] 192.168.1.2 /server/Public/Upload/video/2018-01-25/5a697ad6c3d41.mp4
INFO: [ app_init ] --START--
INFO: Run Behavior\BuildLiteBehavior [ RunTime:0.000017s ]
INFO: [ app_init ] --END-- [ RunTime:0.000516s ]
ERR: 无法加载模块:Public

[ 2018-01-25T16:44:08+08:00 ] 192.168.1.2 /server/Public/Upload/video/2018-01-25/5a697ad790cc1.mp4
INFO: [ app_init ] --START--
INFO: Run Behavior\BuildLiteBehavior [ RunTime:0.000019s ]
INFO: [ app_init ] --END-- [ RunTime:0.000974s ]
ERR: 无法加载模块:Public

[ 2018-01-25T16:44:08+08:00 ] 192.168.1.2 /server/Public/Upload/audio/2018-01-25/5a6975b8ca86d.mp3
INFO: [ app_init ] --START--
INFO: Run Behavior\BuildLiteBehavior [ RunTime:0.000021s ]
INFO: [ app_init ] --END-- [ RunTime:0.000659s ]
ERR: 无法加载模块:Public

[ 2018-01-25T16:44:08+08:00 ] 192.168.1.2 /server/Public/Upload/audio/2018-01-25/5a6975d9efd7f.mp3
INFO: [ app_init ] --START--
INFO: Run Behavior\BuildLiteBehavior [ RunTime:0.000016s ]
INFO: [ app_init ] --END-- [ RunTime:0.000708s ]
ERR: 无法加载模块:Public

[ 2018-01-25T16:44:08+08:00 ] 192.168.1.2 /server/Public/Upload/audio/2018-01-25/5a6975bb614e3.mp3
INFO: [ app_init ] --START--
INFO: Run Behavior\BuildLiteBehavior [ RunTime:0.000021s ]
INFO: [ app_init ] --END-- [ RunTime:0.001097s ]
ERR: 无法加载模块:Public

[ 2018-01-25T16:54:14+08:00 ] 192.168.1.2 /server/Public/Upload/img/2018-01-25/5a699ae26c4d2.jpg
INFO: [ app_init ] --START--
INFO: Run Behavior\BuildLiteBehavior [ RunTime:0.000017s ]
INFO: [ app_init ] --END-- [ RunTime:0.000504s ]
ERR: 无法加载模块:Public

[ 2018-01-25T16:55:39+08:00 ] 192.168.1.2 /server/Public/Upload/img/2018-01-25/5a699b6f441dd.jpg
INFO: [ app_init ] --START--
INFO: Run Behavior\BuildLiteBehavior [ RunTime:0.000015s ]
INFO: [ app_init ] --END-- [ RunTime:0.000463s ]
ERR: 无法加载模块:Public

[ 2018-01-25T16:55:39+08:00 ] 192.168.1.2 /server/Public/Upload/img/2018-01-25/5a699b6f1cea9.jpg
INFO: [ app_init ] --START--
INFO: Run Behavior\BuildLiteBehavior [ RunTime:0.000014s ]
INFO: [ app_init ] --END-- [ RunTime:0.000596s ]
ERR: 无法加载模块:Public

[ 2018-01-25T16:55:39+08:00 ] 192.168.1.2 /server/Public/Upload/img/2018-01-25/5a699b6f3c8e7.jpg
INFO: [ app_init ] --START--
INFO: Run Behavior\BuildLiteBehavior [ RunTime:0.000034s ]
INFO: [ app_init ] --END-- [ RunTime:0.000635s ]
ERR: 无法加载模块:Public

[ 2018-01-25T16:55:39+08:00 ] 192.168.1.2 /server/Public/Upload/img/2018-01-25/5a699b6f4ad19.jpg
INFO: [ app_init ] --START--
INFO: Run Behavior\BuildLiteBehavior [ RunTime:0.000022s ]
INFO: [ app_init ] --END-- [ RunTime:0.001966s ]
ERR: 无法加载模块:Public

[ 2018-01-25T16:57:56+08:00 ] 192.168.1.2 /server/Public/Upload/img/2018-01-24/5a685b1095041.jpg
INFO: [ app_init ] --START--
INFO: Run Behavior\BuildLiteBehavior [ RunTime:0.000015s ]
INFO: [ app_init ] --END-- [ RunTime:0.000466s ]
ERR: 无法加载模块:Public

[ 2018-01-25T16:57:56+08:00 ] 192.168.1.2 /server/Public/Upload/img/2018-01-24/5a680ec4ddb34.jpg
INFO: [ app_init ] --START--
INFO: Run Behavior\BuildLiteBehavior [ RunTime:0.000014s ]
INFO: [ app_init ] --END-- [ RunTime:0.000448s ]
ERR: 无法加载模块:Public

[ 2018-01-25T16:57:56+08:00 ] 192.168.1.2 /server/Public/Upload/img/2018-01-24/5a680ec4d582f.jpg
INFO: [ app_init ] --START--
INFO: Run Behavior\BuildLiteBehavior [ RunTime:0.000073s ]
INFO: [ app_init ] --END-- [ RunTime:0.000687s ]
ERR: 无法加载模块:Public

[ 2018-01-25T16:58:03+08:00 ] 192.168.1.2 /server/Public/Upload/img/2018-01-24/5a680ec4e4f49.jpg
INFO: [ app_init ] --START--
INFO: Run Behavior\BuildLiteBehavior [ RunTime:0.000015s ]
INFO: [ app_init ] --END-- [ RunTime:0.000453s ]
ERR: 无法加载模块:Public

[ 2018-01-25T16:58:03+08:00 ] 192.168.1.2 /server/Public/Upload/img/2018-01-24/5a680ec4d582f.jpg
INFO: [ app_init ] --START--
INFO: Run Behavior\BuildLiteBehavior [ RunTime:0.000015s ]
INFO: [ app_init ] --END-- [ RunTime:0.000535s ]
ERR: 无法加载模块:Public

[ 2018-01-25T16:58:03+08:00 ] 192.168.1.2 /server/Public/Upload/img/2018-01-24/5a680ec4ddb34.jpg
INFO: [ app_init ] --START--
INFO: Run Behavior\BuildLiteBehavior [ RunTime:0.000016s ]
INFO: [ app_init ] --END-- [ RunTime:0.001074s ]
ERR: 无法加载模块:Public

[ 2018-01-25T16:58:03+08:00 ] 192.168.1.2 /server/Public/Upload/img/2018-01-24/5a685b1095041.jpg
INFO: [ app_init ] --START--
INFO: Run Behavior\BuildLiteBehavior [ RunTime:0.000015s ]
INFO: [ app_init ] --END-- [ RunTime:0.000601s ]
ERR: 无法加载模块:Public

[ 2018-01-25T16:58:05+08:00 ] 192.168.1.2 /server/Public/Upload/img/2018-01-24/5a685b109d883.jpg
INFO: [ app_init ] --START--
INFO: Run Behavior\BuildLiteBehavior [ RunTime:0.000016s ]
INFO: [ app_init ] --END-- [ RunTime:0.000440s ]
ERR: 无法加载模块:Public

[ 2018-01-25T16:58:05+08:00 ] 192.168.1.2 /server/Public/Upload/img/2018-01-24/5a685b1095041.jpg
INFO: [ app_init ] --START--
INFO: Run Behavior\BuildLiteBehavior [ RunTime:0.000037s ]
INFO: [ app_init ] --END-- [ RunTime:0.000707s ]
ERR: 无法加载模块:Public

[ 2018-01-25T16:58:12+08:00 ] 192.168.1.2 /server/Public/Upload/img/2018-01-24/5a680ec4e4f49.jpg
INFO: [ app_init ] --START--
INFO: Run Behavior\BuildLiteBehavior [ RunTime:0.000012s ]
INFO: [ app_init ] --END-- [ RunTime:0.000459s ]
ERR: 无法加载模块:Public

[ 2018-01-25T16:58:22+08:00 ] 192.168.1.2 /server/Public/Upload/img/2018-01-24/5a680ec4d582f.jpg
INFO: [ app_init ] --START--
INFO: Run Behavior\BuildLiteBehavior [ RunTime:0.000016s ]
INFO: [ app_init ] --END-- [ RunTime:0.000458s ]
ERR: 无法加载模块:Public

[ 2018-01-25T16:58:22+08:00 ] 192.168.1.2 /server/Public/Upload/img/2018-01-24/5a680ec4ddb34.jpg
INFO: [ app_init ] --START--
INFO: Run Behavior\BuildLiteBehavior [ RunTime:0.000016s ]
INFO: [ app_init ] --END-- [ RunTime:0.000467s ]
ERR: 无法加载模块:Public

[ 2018-01-25T16:58:46+08:00 ] 192.168.1.2 /server/Public/Upload/img/2018-01-24/5a685b109d883.jpg
INFO: [ app_init ] --START--
INFO: Run Behavior\BuildLiteBehavior [ RunTime:0.000018s ]
INFO: [ app_init ] --END-- [ RunTime:0.000505s ]
ERR: 无法加载模块:Public

[ 2018-01-25T16:58:52+08:00 ] 192.168.1.2 /server/Public/Upload/img/2018-01-24/5a680ec4ddb34.jpg
INFO: [ app_init ] --START--
INFO: Run Behavior\BuildLiteBehavior [ RunTime:0.000014s ]
INFO: [ app_init ] --END-- [ RunTime:0.000483s ]
ERR: 无法加载模块:Public

[ 2018-01-25T16:59:03+08:00 ] 192.168.1.2 /server/Public/Upload/img/2018-01-24/5a685b109d883.jpg
INFO: [ app_init ] --START--
INFO: Run Behavior\BuildLiteBehavior [ RunTime:0.000011s ]
INFO: [ app_init ] --END-- [ RunTime:0.000360s ]
ERR: 无法加载模块:Public

[ 2018-01-25T16:59:06+08:00 ] 192.168.1.2 /server/Public/Upload/img/2018-01-24/5a680ec4d582f.jpg
INFO: [ app_init ] --START--
INFO: Run Behavior\BuildLiteBehavior [ RunTime:0.000025s ]
INFO: [ app_init ] --END-- [ RunTime:0.000616s ]
ERR: 无法加载模块:Public

[ 2018-01-25T16:59:12+08:00 ] 192.168.1.2 /server/Public/Upload/img/2018-01-24/5a680ec4d582f.jpg
INFO: [ app_init ] --START--
INFO: Run Behavior\BuildLiteBehavior [ RunTime:0.000015s ]
INFO: [ app_init ] --END-- [ RunTime:0.000553s ]
ERR: 无法加载模块:Public

[ 2018-01-25T16:59:17+08:00 ] 192.168.1.2 /server/Public/Upload/img/2018-01-24/5a680ec4d582f.jpg
INFO: [ app_init ] --START--
INFO: Run Behavior\BuildLiteBehavior [ RunTime:0.000014s ]
INFO: [ app_init ] --END-- [ RunTime:0.000451s ]
ERR: 无法加载模块:Public

[ 2018-01-25T17:00:17+08:00 ] 192.168.1.2 /server/Public/Upload/img/2018-01-24/5a680ec4d582f.jpg
INFO: [ app_init ] --START--
INFO: Run Behavior\BuildLiteBehavior [ RunTime:0.000020s ]
INFO: [ app_init ] --END-- [ RunTime:0.002387s ]
ERR: 无法加载模块:Public

[ 2018-01-25T17:00:28+08:00 ] 192.168.1.2 /server/Public/Upload/img/2018-01-24/5a680ec4d582f.jpg
INFO: [ app_init ] --START--
INFO: Run Behavior\BuildLiteBehavior [ RunTime:0.000016s ]
INFO: [ app_init ] --END-- [ RunTime:0.000553s ]
ERR: 无法加载模块:Public

[ 2018-01-25T17:00:29+08:00 ] 192.168.1.2 /server/Public/Upload/img/2018-01-24/5a680ec4d582f.jpg
INFO: [ app_init ] --START--
INFO: Run Behavior\BuildLiteBehavior [ RunTime:0.000016s ]
INFO: [ app_init ] --END-- [ RunTime:0.000495s ]
ERR: 无法加载模块:Public

[ 2018-01-25T17:00:29+08:00 ] 192.168.1.2 /server/Public/Upload/img/2018-01-24/5a680ec4cd95c.jpg
INFO: [ app_init ] --START--
INFO: Run Behavior\BuildLiteBehavior [ RunTime:0.000019s ]
INFO: [ app_init ] --END-- [ RunTime:0.000637s ]
ERR: 无法加载模块:Public

[ 2018-01-25T17:00:53+08:00 ] 192.168.1.2 /server/Public/Upload/img/2018-01-24/5a680ec4cd95c.jpg
INFO: [ app_init ] --START--
INFO: Run Behavior\BuildLiteBehavior [ RunTime:0.000018s ]
INFO: [ app_init ] --END-- [ RunTime:0.000641s ]
ERR: 无法加载模块:Public

[ 2018-01-25T17:01:00+08:00 ] 192.168.1.2 /server/Public/Upload/img/2018-01-24/5a680ec4cd95c.jpg
INFO: [ app_init ] --START--
INFO: Run Behavior\BuildLiteBehavior [ RunTime:0.000016s ]
INFO: [ app_init ] --END-- [ RunTime:0.000500s ]
ERR: 无法加载模块:Public

[ 2018-01-25T17:02:04+08:00 ] 192.168.1.2 /server/Public/Upload/img/2018-01-24/5a680ec4cd95c.jpg
INFO: [ app_init ] --START--
INFO: Run Behavior\BuildLiteBehavior [ RunTime:0.000016s ]
INFO: [ app_init ] --END-- [ RunTime:0.000547s ]
ERR: 无法加载模块:Public

[ 2018-01-25T17:50:59+08:00 ] 192.168.1.2 /server/Public/Upload/img/2018-01-25/5a699bc940926.jpg
INFO: [ app_init ] --START--
INFO: Run Behavior\BuildLiteBehavior [ RunTime:0.000015s ]
INFO: [ app_init ] --END-- [ RunTime:0.000466s ]
ERR: 无法加载模块:Public

[ 2018-01-25T17:50:59+08:00 ] 192.168.1.2 /server/Public/Upload/img/2018-01-25/5a699bc90ffbd.jpg
INFO: [ app_init ] --START--
INFO: Run Behavior\BuildLiteBehavior [ RunTime:0.000025s ]
INFO: [ app_init ] --END-- [ RunTime:0.000860s ]
ERR: 无法加载模块:Public

[ 2018-01-25T17:50:59+08:00 ] 192.168.1.2 /server/Public/Upload/img/2018-01-25/5a699bc91771c.jpg
INFO: [ app_init ] --START--
INFO: Run Behavior\BuildLiteBehavior [ RunTime:0.000020s ]
INFO: [ app_init ] --END-- [ RunTime:0.000806s ]
ERR: 无法加载模块:Public

[ 2018-01-25T17:51:09+08:00 ] 192.168.1.2 /server/Public/Upload/img/2018-01-25/5a699bc940926.jpg
INFO: [ app_init ] --START--
INFO: Run Behavior\BuildLiteBehavior [ RunTime:0.000017s ]
INFO: [ app_init ] --END-- [ RunTime:0.000478s ]
ERR: 无法加载模块:Public

[ 2018-01-25T17:51:09+08:00 ] 192.168.1.2 /server/Public/Upload/img/2018-01-25/5a699bc91771c.jpg
INFO: [ app_init ] --START--
INFO: Run Behavior\BuildLiteBehavior [ RunTime:0.000015s ]
INFO: [ app_init ] --END-- [ RunTime:0.000540s ]
ERR: 无法加载模块:Public

[ 2018-01-25T17:51:09+08:00 ] 192.168.1.2 /server/Public/Upload/img/2018-01-25/5a699bc90ffbd.jpg
INFO: [ app_init ] --START--
INFO: Run Behavior\BuildLiteBehavior [ RunTime:0.000014s ]
INFO: [ app_init ] --END-- [ RunTime:0.000519s ]
ERR: 无法加载模块:Public

[ 2018-01-25T17:51:12+08:00 ] 192.168.1.2 /server/Public/Upload/img/2018-01-24/5a685b109d883.jpg
INFO: [ app_init ] --START--
INFO: Run Behavior\BuildLiteBehavior [ RunTime:0.000018s ]
INFO: [ app_init ] --END-- [ RunTime:0.000608s ]
ERR: 无法加载模块:Public

[ 2018-01-25T17:51:12+08:00 ] 192.168.1.2 /server/Public/Upload/img/2018-01-25/5a699bc91771c.jpg
INFO: [ app_init ] --START--
INFO: Run Behavior\BuildLiteBehavior [ RunTime:0.000020s ]
INFO: [ app_init ] --END-- [ RunTime:0.000712s ]
ERR: 无法加载模块:Public

[ 2018-01-25T17:51:15+08:00 ] 192.168.1.2 /server/Public/Upload/img/2018-01-25/5a699bc91771c.jpg
INFO: [ app_init ] --START--
INFO: Run Behavior\BuildLiteBehavior [ RunTime:0.000013s ]
INFO: [ app_init ] --END-- [ RunTime:0.000464s ]
ERR: 无法加载模块:Public

[ 2018-01-25T17:51:18+08:00 ] 192.168.1.2 /server/Public/Upload/img/2018-01-25/5a699bc940926.jpg
INFO: [ app_init ] --START--
INFO: Run Behavior\BuildLiteBehavior [ RunTime:0.000017s ]
INFO: [ app_init ] --END-- [ RunTime:0.000518s ]
ERR: 无法加载模块:Public

[ 2018-01-25T17:51:21+08:00 ] 192.168.1.2 /server/Public/Upload/img/2018-01-25/5a699bc940926.jpg
INFO: [ app_init ] --START--
INFO: Run Behavior\BuildLiteBehavior [ RunTime:0.000019s ]
INFO: [ app_init ] --END-- [ RunTime:0.000643s ]
ERR: 无法加载模块:Public

[ 2018-01-25T17:51:26+08:00 ] 192.168.1.2 /server/Public/Upload/img/2018-01-24/5a680ec4cd95c.jpg
INFO: [ app_init ] --START--
INFO: Run Behavior\BuildLiteBehavior [ RunTime:0.000016s ]
INFO: [ app_init ] --END-- [ RunTime:0.000553s ]
ERR: 无法加载模块:Public

[ 2018-01-25T17:51:26+08:00 ] 192.168.1.2 /server/Public/Upload/img/2018-01-25/5a699bc90ffbd.jpg
INFO: [ app_init ] --START--
INFO: Run Behavior\BuildLiteBehavior [ RunTime:0.000012s ]
INFO: [ app_init ] --END-- [ RunTime:0.000424s ]
ERR: 无法加载模块:Public

[ 2018-01-25T18:33:13+08:00 ] 192.168.1.2 /server/asd
INFO: [ app_init ] --START--
INFO: Run Behavior\BuildLiteBehavior [ RunTime:0.000016s ]
INFO: [ app_init ] --END-- [ RunTime:0.000482s ]
ERR: 无法加载模块:Asd

[ 2018-01-25T18:33:30+08:00 ] 192.168.1.2 /server/asd
INFO: [ app_init ] --START--
INFO: Run Behavior\BuildLiteBehavior [ RunTime:0.000016s ]
INFO: [ app_init ] --END-- [ RunTime:0.000535s ]
ERR: 无法加载模块:Asd

[ 2018-01-25T18:33:36+08:00 ] 192.168.1.2 /server/asd
INFO: [ app_init ] --START--
INFO: Run Behavior\BuildLiteBehavior [ RunTime:0.000016s ]
INFO: [ app_init ] --END-- [ RunTime:0.000519s ]
ERR: 无法加载模块:Asd

[ 2018-01-25T18:34:07+08:00 ] 192.168.1.2 /server/asd
INFO: [ app_init ] --START--
INFO: Run Behavior\BuildLiteBehavior [ RunTime:0.000016s ]
INFO: [ app_init ] --END-- [ RunTime:0.000536s ]
ERR: 无法加载模块:Asd

[ 2018-01-25T18:34:54+08:00 ] 192.168.1.2 /server/asd
INFO: [ app_init ] --START--
INFO: Run Behavior\BuildLiteBehavior [ RunTime:0.000016s ]
INFO: [ app_init ] --END-- [ RunTime:0.000639s ]
ERR: 无法加载模块:Asd

[ 2018-01-25T18:36:42+08:00 ] 192.168.1.2 /server/asd
INFO: [ app_init ] --START--
INFO: Run Behavior\BuildLiteBehavior [ RunTime:0.000019s ]
INFO: [ app_init ] --END-- [ RunTime:0.000620s ]
ERR: 无法加载模块:Asd

[ 2018-01-25T18:37:40+08:00 ] 192.168.1.2 /server/asd
INFO: [ app_init ] --START--
INFO: Run Behavior\BuildLiteBehavior [ RunTime:0.000025s ]
INFO: [ app_init ] --END-- [ RunTime:0.000742s ]
ERR: 无法加载模块:Asd

[ 2018-01-25T18:37:48+08:00 ] 192.168.1.2 /server/asd
INFO: [ app_init ] --START--
INFO: Run Behavior\BuildLiteBehavior [ RunTime:0.000016s ]
INFO: [ app_init ] --END-- [ RunTime:0.000484s ]
ERR: 无法加载模块:Asd

[ 2018-01-25T18:40:32+08:00 ] 192.168.1.2 /server/asd
INFO: [ app_init ] --START--
INFO: Run Behavior\BuildLiteBehavior [ RunTime:0.000016s ]
INFO: [ app_init ] --END-- [ RunTime:0.000518s ]
ERR: 无法加载模块:Asd

[ 2018-01-25T18:40:57+08:00 ] 192.168.1.2 /server/asd
INFO: [ app_init ] --START--
INFO: Run Behavior\BuildLiteBehavior [ RunTime:0.000017s ]
INFO: [ app_init ] --END-- [ RunTime:0.000540s ]
ERR: 无法加载模块:Asd

[ 2018-01-25T18:41:20+08:00 ] 192.168.1.2 /server/asd
INFO: [ app_init ] --START--
INFO: Run Behavior\BuildLiteBehavior [ RunTime:0.000017s ]
INFO: [ app_init ] --END-- [ RunTime:0.000499s ]
ERR: 无法加载模块:Asd

[ 2018-01-25T18:41:25+08:00 ] 192.168.1.2 /server/asd
INFO: [ app_init ] --START--
INFO: Run Behavior\BuildLiteBehavior [ RunTime:0.000011s ]
INFO: [ app_init ] --END-- [ RunTime:0.000401s ]
ERR: 无法加载模块:Asd

[ 2018-01-25T18:41:39+08:00 ] 192.168.1.2 /server/asd
INFO: [ app_init ] --START--
INFO: Run Behavior\BuildLiteBehavior [ RunTime:0.000011s ]
INFO: [ app_init ] --END-- [ RunTime:0.000353s ]
ERR: 无法加载模块:Asd

[ 2018-01-25T18:41:43+08:00 ] 192.168.1.2 /server/asd
INFO: [ app_init ] --START--
INFO: Run Behavior\BuildLiteBehavior [ RunTime:0.000016s ]
INFO: [ app_init ] --END-- [ RunTime:0.000452s ]
ERR: 无法加载模块:Asd

[ 2018-01-25T18:42:36+08:00 ] 192.168.1.2 /server/asd
INFO: [ app_init ] --START--
INFO: Run Behavior\BuildLiteBehavior [ RunTime:0.000016s ]
INFO: [ app_init ] --END-- [ RunTime:0.000498s ]
ERR: 无法加载模块:Asd

