[ 2018-01-24T11:59:02+08:00 ] 127.0.0.1 /server//Public/Upload/img/2018-01-24/5a68039fec74d.jpg
INFO: [ app_init ] --START--
INFO: Run Behavior\BuildLiteBehavior [ RunTime:0.000016s ]
INFO: [ app_init ] --END-- [ RunTime:0.000501s ]
ERR: 无法加载模块:Public

[ 2018-01-24T11:59:02+08:00 ] 127.0.0.1 /server//Public/Upload/img/2018-01-24/5a6803deea162.jpg
INFO: [ app_init ] --START--
INFO: Run Behavior\BuildLiteBehavior [ RunTime:0.000015s ]
INFO: [ app_init ] --END-- [ RunTime:0.000485s ]
ERR: 无法加载模块:Public

[ 2018-01-24T11:59:02+08:00 ] 127.0.0.1 /server//Public/Upload/img/2018-01-24/5a6803b5df274.jpg
INFO: [ app_init ] --START--
INFO: Run Behavior\BuildLiteBehavior [ RunTime:0.000015s ]
INFO: [ app_init ] --END-- [ RunTime:0.000496s ]
ERR: 无法加载模块:Public

[ 2018-01-24T11:59:02+08:00 ] 127.0.0.1 /server//Public/Upload/img/2018-01-24/5a680428683ab.jpg
INFO: [ app_init ] --START--
INFO: Run Behavior\BuildLiteBehavior [ RunTime:0.000018s ]
INFO: [ app_init ] --END-- [ RunTime:0.000520s ]
ERR: 无法加载模块:Public

[ 2018-01-24T11:59:02+08:00 ] 127.0.0.1 /server//Public/Upload/img/2018-01-24/5a6804288092e.jpg
INFO: [ app_init ] --START--
INFO: Run Behavior\BuildLiteBehavior [ RunTime:0.000017s ]
INFO: [ app_init ] --END-- [ RunTime:0.000563s ]
ERR: 无法加载模块:Public

[ 2018-01-24T11:59:02+08:00 ] 127.0.0.1 /server//Public/Upload/img/2018-01-24/5a680428883a5.jpg
INFO: [ app_init ] --START--
INFO: Run Behavior\BuildLiteBehavior [ RunTime:0.000015s ]
INFO: [ app_init ] --END-- [ RunTime:0.000578s ]
ERR: 无法加载模块:Public

[ 2018-01-24T11:59:02+08:00 ] 127.0.0.1 /server//Public/Upload/img/2018-01-24/5a68045bb2321.jpg
INFO: [ app_init ] --START--
INFO: Run Behavior\BuildLiteBehavior [ RunTime:0.000016s ]
INFO: [ app_init ] --END-- [ RunTime:0.000497s ]
ERR: 无法加载模块:Public

[ 2018-01-24T11:59:02+08:00 ] 127.0.0.1 /server//Public/Upload/img/2018-01-24/5a680428619eb.jpeg
INFO: [ app_init ] --START--
INFO: Run Behavior\BuildLiteBehavior [ RunTime:0.000016s ]
INFO: [ app_init ] --END-- [ RunTime:0.000467s ]
ERR: 无法加载模块:Public

[ 2018-01-24T11:59:02+08:00 ] 127.0.0.1 /server//Public/Upload/img/2018-01-24/5a6804288fe3a.jpg
INFO: [ app_init ] --START--
INFO: Run Behavior\BuildLiteBehavior [ RunTime:0.000016s ]
INFO: [ app_init ] --END-- [ RunTime:0.000489s ]
ERR: 无法加载模块:Public

[ 2018-01-24T11:59:02+08:00 ] 127.0.0.1 /server//Public/Upload/img/2018-01-24/5a68045bc5039.jpg
INFO: [ app_init ] --START--
INFO: Run Behavior\BuildLiteBehavior [ RunTime:0.000017s ]
INFO: [ app_init ] --END-- [ RunTime:0.000838s ]
ERR: 无法加载模块:Public

[ 2018-01-24T11:59:03+08:00 ] 127.0.0.1 /server//Public/Upload/img/2018-01-24/5a68045bcebcf.jpg
INFO: [ app_init ] --START--
INFO: Run Behavior\BuildLiteBehavior [ RunTime:0.000019s ]
INFO: [ app_init ] --END-- [ RunTime:0.000647s ]
ERR: 无法加载模块:Public

[ 2018-01-24T11:59:03+08:00 ] 127.0.0.1 /server//Public/Upload/img/2018-01-24/5a680310511e6.jpg
INFO: [ app_init ] --START--
INFO: Run Behavior\BuildLiteBehavior [ RunTime:0.000026s ]
INFO: [ app_init ] --END-- [ RunTime:0.002345s ]
ERR: 无法加载模块:Public

[ 2018-01-24T11:59:12+08:00 ] 127.0.0.1 /server//Public/Upload/img/2018-01-24/5a68047aa797b.jpg
INFO: [ app_init ] --START--
INFO: Run Behavior\BuildLiteBehavior [ RunTime:0.000017s ]
INFO: [ app_init ] --END-- [ RunTime:0.000560s ]
ERR: 无法加载模块:Public

[ 2018-01-24T11:59:12+08:00 ] 127.0.0.1 /server//Public/Upload/img/2018-01-24/5a68047abb547.jpg
INFO: [ app_init ] --START--
INFO: Run Behavior\BuildLiteBehavior [ RunTime:0.000014s ]
INFO: [ app_init ] --END-- [ RunTime:0.000500s ]
ERR: 无法加载模块:Public

[ 2018-01-24T11:59:12+08:00 ] 127.0.0.1 /server//Public/Upload/img/2018-01-24/5a68047aa00ce.jpg
INFO: [ app_init ] --START--
INFO: Run Behavior\BuildLiteBehavior [ RunTime:0.000014s ]
INFO: [ app_init ] --END-- [ RunTime:0.001028s ]
ERR: 无法加载模块:Public

[ 2018-01-24T12:01:05+08:00 ] 127.0.0.1 /server//Public/Upload/img/2018-01-24/5a6804c282b24.jpg
INFO: [ app_init ] --START--
INFO: Run Behavior\BuildLiteBehavior [ RunTime:0.000018s ]
INFO: [ app_init ] --END-- [ RunTime:0.000516s ]
ERR: 无法加载模块:Public

[ 2018-01-24T12:01:05+08:00 ] 127.0.0.1 /server//Public/Upload/img/2018-01-24/5a6804c2a5074.jpg
INFO: [ app_init ] --START--
INFO: Run Behavior\BuildLiteBehavior [ RunTime:0.000017s ]
INFO: [ app_init ] --END-- [ RunTime:0.000523s ]
ERR: 无法加载模块:Public

[ 2018-01-24T12:01:05+08:00 ] 127.0.0.1 /server//Public/Upload/img/2018-01-24/5a6804c29b24c.jpg
INFO: [ app_init ] --START--
INFO: Run Behavior\BuildLiteBehavior [ RunTime:0.000016s ]
INFO: [ app_init ] --END-- [ RunTime:0.000583s ]
ERR: 无法加载模块:Public

[ 2018-01-24T12:01:05+08:00 ] 127.0.0.1 /server//Public/Upload/img/2018-01-24/5a6804c293a65.jpeg
INFO: [ app_init ] --START--
INFO: Run Behavior\BuildLiteBehavior [ RunTime:0.000012s ]
INFO: [ app_init ] --END-- [ RunTime:0.000396s ]
ERR: 无法加载模块:Public

[ 2018-01-24T12:01:17+08:00 ] 127.0.0.1 /server//Public/Upload/img/2018-01-24/5a6804c282b24.jpg
INFO: [ app_init ] --START--
INFO: Run Behavior\BuildLiteBehavior [ RunTime:0.000015s ]
INFO: [ app_init ] --END-- [ RunTime:0.000510s ]
ERR: 无法加载模块:Public

[ 2018-01-24T12:01:17+08:00 ] 127.0.0.1 /server//Public/Upload/img/2018-01-24/5a6804c293a65.jpeg
INFO: [ app_init ] --START--
INFO: Run Behavior\BuildLiteBehavior [ RunTime:0.000014s ]
INFO: [ app_init ] --END-- [ RunTime:0.000485s ]
ERR: 无法加载模块:Public

[ 2018-01-24T12:01:17+08:00 ] 127.0.0.1 /server//Public/Upload/img/2018-01-24/5a6804c29b24c.jpg
INFO: [ app_init ] --START--
INFO: Run Behavior\BuildLiteBehavior [ RunTime:0.000015s ]
INFO: [ app_init ] --END-- [ RunTime:0.000467s ]
ERR: 无法加载模块:Public

[ 2018-01-24T12:01:17+08:00 ] 127.0.0.1 /server//Public/Upload/img/2018-01-24/5a6804c2a5074.jpg
INFO: [ app_init ] --START--
INFO: Run Behavior\BuildLiteBehavior [ RunTime:0.000018s ]
INFO: [ app_init ] --END-- [ RunTime:0.000616s ]
ERR: 无法加载模块:Public

[ 2018-01-24T12:08:07+08:00 ] 127.0.0.1 /server//Public/Upload/img/2018-01-24/5a6805d015406.jpg
INFO: [ app_init ] --START--
INFO: Run Behavior\BuildLiteBehavior [ RunTime:0.000016s ]
INFO: [ app_init ] --END-- [ RunTime:0.000496s ]
ERR: 无法加载模块:Public

[ 2018-01-24T12:08:07+08:00 ] 127.0.0.1 /server//Public/Upload/img/2018-01-24/5a6805fb2b450.jpg
INFO: [ app_init ] --START--
INFO: Run Behavior\BuildLiteBehavior [ RunTime:0.000015s ]
INFO: [ app_init ] --END-- [ RunTime:0.000496s ]
ERR: 无法加载模块:Public

[ 2018-01-24T12:08:07+08:00 ] 127.0.0.1 /server//Public/Upload/img/2018-01-24/5a6805fb3d98e.jpeg
INFO: [ app_init ] --START--
INFO: Run Behavior\BuildLiteBehavior [ RunTime:0.000017s ]
INFO: [ app_init ] --END-- [ RunTime:0.000679s ]
ERR: 无法加载模块:Public

[ 2018-01-24T12:08:07+08:00 ] 127.0.0.1 /server//Public/Upload/img/2018-01-24/5a6805fb23da1.jpg
INFO: [ app_init ] --START--
INFO: Run Behavior\BuildLiteBehavior [ RunTime:0.000013s ]
INFO: [ app_init ] --END-- [ RunTime:0.000463s ]
ERR: 无法加载模块:Public

[ 2018-01-24T12:08:07+08:00 ] 127.0.0.1 /server//Public/Upload/img/2018-01-24/5a6805d029ddc.jpg
INFO: [ app_init ] --START--
INFO: Run Behavior\BuildLiteBehavior [ RunTime:0.000015s ]
INFO: [ app_init ] --END-- [ RunTime:0.000529s ]
ERR: 无法加载模块:Public

[ 2018-01-24T12:08:07+08:00 ] 127.0.0.1 /server//Public/Upload/img/2018-01-24/5a6805d0328fa.jpg
INFO: [ app_init ] --START--
INFO: Run Behavior\BuildLiteBehavior [ RunTime:0.000018s ]
INFO: [ app_init ] --END-- [ RunTime:0.000632s ]
ERR: 无法加载模块:Public

[ 2018-01-24T12:08:14+08:00 ] 127.0.0.1 /server//Public/Upload/img/2018-01-24/5a680310511e6.jpg
INFO: [ app_init ] --START--
INFO: Run Behavior\BuildLiteBehavior [ RunTime:0.000017s ]
INFO: [ app_init ] --END-- [ RunTime:0.000504s ]
ERR: 无法加载模块:Public

[ 2018-01-24T12:08:14+08:00 ] 127.0.0.1 /server//Public/Upload/img/2018-01-24/5a68039fec74d.jpg
INFO: [ app_init ] --START--
INFO: Run Behavior\BuildLiteBehavior [ RunTime:0.000018s ]
INFO: [ app_init ] --END-- [ RunTime:0.000548s ]
ERR: 无法加载模块:Public

[ 2018-01-24T12:08:14+08:00 ] 127.0.0.1 /server//Public/Upload/img/2018-01-24/5a680428883a5.jpg
INFO: [ app_init ] --START--
INFO: Run Behavior\BuildLiteBehavior [ RunTime:0.000015s ]
INFO: [ app_init ] --END-- [ RunTime:0.000509s ]
ERR: 无法加载模块:Public

[ 2018-01-24T12:08:14+08:00 ] 127.0.0.1 /server//Public/Upload/img/2018-01-24/5a6804288092e.jpg
INFO: [ app_init ] --START--
INFO: Run Behavior\BuildLiteBehavior [ RunTime:0.000014s ]
INFO: [ app_init ] --END-- [ RunTime:0.000460s ]
ERR: 无法加载模块:Public

[ 2018-01-24T12:08:14+08:00 ] 127.0.0.1 /server//Public/Upload/img/2018-01-24/5a680428683ab.jpg
INFO: [ app_init ] --START--
INFO: Run Behavior\BuildLiteBehavior [ RunTime:0.000017s ]
INFO: [ app_init ] --END-- [ RunTime:0.000612s ]
ERR: 无法加载模块:Public

[ 2018-01-24T12:08:14+08:00 ] 127.0.0.1 /server//Public/Upload/img/2018-01-24/5a6803deea162.jpg
INFO: [ app_init ] --START--
INFO: Run Behavior\BuildLiteBehavior [ RunTime:0.000016s ]
INFO: [ app_init ] --END-- [ RunTime:0.000505s ]
ERR: 无法加载模块:Public

[ 2018-01-24T12:08:14+08:00 ] 127.0.0.1 /server//Public/Upload/img/2018-01-24/5a6804288fe3a.jpg
INFO: [ app_init ] --START--
INFO: Run Behavior\BuildLiteBehavior [ RunTime:0.000018s ]
INFO: [ app_init ] --END-- [ RunTime:0.001010s ]
ERR: 无法加载模块:Public

[ 2018-01-24T12:08:14+08:00 ] 127.0.0.1 /server//Public/Upload/img/2018-01-24/5a68045bb2321.jpg
INFO: [ app_init ] --START--
INFO: Run Behavior\BuildLiteBehavior [ RunTime:0.000020s ]
INFO: [ app_init ] --END-- [ RunTime:0.000893s ]
ERR: 无法加载模块:Public

[ 2018-01-24T12:08:14+08:00 ] 127.0.0.1 /server//Public/Upload/img/2018-01-24/5a6803b5df274.jpg
INFO: [ app_init ] --START--
INFO: Run Behavior\BuildLiteBehavior [ RunTime:0.000017s ]
INFO: [ app_init ] --END-- [ RunTime:0.000827s ]
ERR: 无法加载模块:Public

[ 2018-01-24T12:08:14+08:00 ] 127.0.0.1 /server//Public/Upload/img/2018-01-24/5a68045bcebcf.jpg
INFO: [ app_init ] --START--
INFO: Run Behavior\BuildLiteBehavior [ RunTime:0.000017s ]
INFO: [ app_init ] --END-- [ RunTime:0.000521s ]
ERR: 无法加载模块:Public

[ 2018-01-24T12:08:14+08:00 ] 127.0.0.1 /server//Public/Upload/img/2018-01-24/5a68045bc5039.jpg
INFO: [ app_init ] --START--
INFO: Run Behavior\BuildLiteBehavior [ RunTime:0.000018s ]
INFO: [ app_init ] --END-- [ RunTime:0.000579s ]
ERR: 无法加载模块:Public

[ 2018-01-24T12:08:14+08:00 ] 127.0.0.1 /server//Public/Upload/img/2018-01-24/5a680428619eb.jpeg
INFO: [ app_init ] --START--
INFO: Run Behavior\BuildLiteBehavior [ RunTime:0.000012s ]
INFO: [ app_init ] --END-- [ RunTime:0.000462s ]
ERR: 无法加载模块:Public

[ 2018-01-24T13:08:22+08:00 ] 127.0.0.1 /server/undefined
INFO: [ app_init ] --START--
INFO: Run Behavior\BuildLiteBehavior [ RunTime:0.000019s ]
INFO: [ app_init ] --END-- [ RunTime:0.000587s ]
ERR: 无法加载模块:Undefined

[ 2018-01-24T13:09:27+08:00 ] 127.0.0.1 /server/undefined
INFO: [ app_init ] --START--
INFO: Run Behavior\BuildLiteBehavior [ RunTime:0.000016s ]
INFO: [ app_init ] --END-- [ RunTime:0.000569s ]
ERR: 无法加载模块:Undefined

[ 2018-01-24T13:09:59+08:00 ] 127.0.0.1 /server/undefined
INFO: [ app_init ] --START--
INFO: Run Behavior\BuildLiteBehavior [ RunTime:0.000014s ]
INFO: [ app_init ] --END-- [ RunTime:0.000507s ]
ERR: 无法加载模块:Undefined

[ 2018-01-24T13:10:06+08:00 ] 127.0.0.1 /server/undefined
INFO: [ app_init ] --START--
INFO: Run Behavior\BuildLiteBehavior [ RunTime:0.000016s ]
INFO: [ app_init ] --END-- [ RunTime:0.000522s ]
ERR: 无法加载模块:Undefined

[ 2018-01-24T13:47:12+08:00 ] 127.0.0.1 /server/undefined
INFO: [ app_init ] --START--
INFO: Run Behavior\BuildLiteBehavior [ RunTime:0.000011s ]
INFO: [ app_init ] --END-- [ RunTime:0.000358s ]
ERR: 无法加载模块:Undefined

[ 2018-01-24T16:28:17+08:00 ] 127.0.0.1 /server/undefined
INFO: [ app_init ] --START--
INFO: Run Behavior\BuildLiteBehavior [ RunTime:0.000019s ]
INFO: [ app_init ] --END-- [ RunTime:0.000562s ]
ERR: 无法加载模块:Undefined

[ 2018-01-24T16:29:00+08:00 ] 127.0.0.1 /server/undefined
INFO: [ app_init ] --START--
INFO: Run Behavior\BuildLiteBehavior [ RunTime:0.000010s ]
INFO: [ app_init ] --END-- [ RunTime:0.000348s ]
ERR: 无法加载模块:Undefined

[ 2018-01-24T16:36:26+08:00 ] 127.0.0.1 /server/undefined
INFO: [ app_init ] --START--
INFO: Run Behavior\BuildLiteBehavior [ RunTime:0.000018s ]
INFO: [ app_init ] --END-- [ RunTime:0.000537s ]
ERR: 无法加载模块:Undefined

[ 2018-01-24T16:37:21+08:00 ] 127.0.0.1 /server/undefined
INFO: [ app_init ] --START--
INFO: Run Behavior\BuildLiteBehavior [ RunTime:0.000016s ]
INFO: [ app_init ] --END-- [ RunTime:0.000505s ]
ERR: 无法加载模块:Undefined

[ 2018-01-24T16:38:01+08:00 ] 127.0.0.1 /server/undefined
INFO: [ app_init ] --START--
INFO: Run Behavior\BuildLiteBehavior [ RunTime:0.000017s ]
INFO: [ app_init ] --END-- [ RunTime:0.000527s ]
ERR: 无法加载模块:Undefined

[ 2018-01-24T16:38:57+08:00 ] 127.0.0.1 /server/undefined
INFO: [ app_init ] --START--
INFO: Run Behavior\BuildLiteBehavior [ RunTime:0.000011s ]
INFO: [ app_init ] --END-- [ RunTime:0.000352s ]
ERR: 无法加载模块:Undefined

[ 2018-01-24T16:39:45+08:00 ] 127.0.0.1 /server/undefined
INFO: [ app_init ] --START--
INFO: Run Behavior\BuildLiteBehavior [ RunTime:0.000012s ]
INFO: [ app_init ] --END-- [ RunTime:0.000334s ]
ERR: 无法加载模块:Undefined

[ 2018-01-24T16:40:04+08:00 ] 127.0.0.1 /server/undefined
INFO: [ app_init ] --START--
INFO: Run Behavior\BuildLiteBehavior [ RunTime:0.000016s ]
INFO: [ app_init ] --END-- [ RunTime:0.000512s ]
ERR: 无法加载模块:Undefined

[ 2018-01-24T16:40:06+08:00 ] 127.0.0.1 /server/undefined
INFO: [ app_init ] --START--
INFO: Run Behavior\BuildLiteBehavior [ RunTime:0.000016s ]
INFO: [ app_init ] --END-- [ RunTime:0.000536s ]
ERR: 无法加载模块:Undefined

[ 2018-01-24T16:40:07+08:00 ] 127.0.0.1 /server/undefined
INFO: [ app_init ] --START--
INFO: Run Behavior\BuildLiteBehavior [ RunTime:0.000019s ]
INFO: [ app_init ] --END-- [ RunTime:0.000568s ]
ERR: 无法加载模块:Undefined

[ 2018-01-24T16:40:08+08:00 ] 127.0.0.1 /server/undefined
INFO: [ app_init ] --START--
INFO: Run Behavior\BuildLiteBehavior [ RunTime:0.000015s ]
INFO: [ app_init ] --END-- [ RunTime:0.000528s ]
ERR: 无法加载模块:Undefined

[ 2018-01-24T16:40:09+08:00 ] 127.0.0.1 /server/undefined
INFO: [ app_init ] --START--
INFO: Run Behavior\BuildLiteBehavior [ RunTime:0.000018s ]
INFO: [ app_init ] --END-- [ RunTime:0.000469s ]
ERR: 无法加载模块:Undefined

[ 2018-01-24T16:40:12+08:00 ] 127.0.0.1 /server/undefined
INFO: [ app_init ] --START--
INFO: Run Behavior\BuildLiteBehavior [ RunTime:0.000014s ]
INFO: [ app_init ] --END-- [ RunTime:0.000498s ]
ERR: 无法加载模块:Undefined

[ 2018-01-24T16:40:13+08:00 ] 127.0.0.1 /server/undefined
INFO: [ app_init ] --START--
INFO: Run Behavior\BuildLiteBehavior [ RunTime:0.000019s ]
INFO: [ app_init ] --END-- [ RunTime:0.002137s ]
ERR: 无法加载模块:Undefined

[ 2018-01-24T16:43:19+08:00 ] 127.0.0.1 /server/undefined
INFO: [ app_init ] --START--
INFO: Run Behavior\BuildLiteBehavior [ RunTime:0.000014s ]
INFO: [ app_init ] --END-- [ RunTime:0.000501s ]
ERR: 无法加载模块:Undefined

[ 2018-01-24T16:43:53+08:00 ] 127.0.0.1 /server/undefined
INFO: [ app_init ] --START--
INFO: Run Behavior\BuildLiteBehavior [ RunTime:0.000014s ]
INFO: [ app_init ] --END-- [ RunTime:0.000537s ]
ERR: 无法加载模块:Undefined

[ 2018-01-24T16:44:55+08:00 ] 127.0.0.1 /server/undefined
INFO: [ app_init ] --START--
INFO: Run Behavior\BuildLiteBehavior [ RunTime:0.000016s ]
INFO: [ app_init ] --END-- [ RunTime:0.000506s ]
ERR: 无法加载模块:Undefined

[ 2018-01-24T16:45:08+08:00 ] 127.0.0.1 /server/undefined
INFO: [ app_init ] --START--
INFO: Run Behavior\BuildLiteBehavior [ RunTime:0.000015s ]
INFO: [ app_init ] --END-- [ RunTime:0.000520s ]
ERR: 无法加载模块:Undefined

[ 2018-01-24T16:46:53+08:00 ] 127.0.0.1 /server/undefined
INFO: [ app_init ] --START--
INFO: Run Behavior\BuildLiteBehavior [ RunTime:0.000015s ]
INFO: [ app_init ] --END-- [ RunTime:0.000472s ]
ERR: 无法加载模块:Undefined

[ 2018-01-24T16:48:19+08:00 ] 127.0.0.1 /server/undefined
INFO: [ app_init ] --START--
INFO: Run Behavior\BuildLiteBehavior [ RunTime:0.000016s ]
INFO: [ app_init ] --END-- [ RunTime:0.000494s ]
ERR: 无法加载模块:Undefined

[ 2018-01-24T16:48:22+08:00 ] 127.0.0.1 /server/undefined
INFO: [ app_init ] --START--
INFO: Run Behavior\BuildLiteBehavior [ RunTime:0.000016s ]
INFO: [ app_init ] --END-- [ RunTime:0.000531s ]
ERR: 无法加载模块:Undefined

[ 2018-01-24T16:48:41+08:00 ] 127.0.0.1 /server/undefined
INFO: [ app_init ] --START--
INFO: Run Behavior\BuildLiteBehavior [ RunTime:0.000015s ]
INFO: [ app_init ] --END-- [ RunTime:0.000488s ]
ERR: 无法加载模块:Undefined

[ 2018-01-24T16:48:51+08:00 ] 127.0.0.1 /server/undefined
INFO: [ app_init ] --START--
INFO: Run Behavior\BuildLiteBehavior [ RunTime:0.000015s ]
INFO: [ app_init ] --END-- [ RunTime:0.000528s ]
ERR: 无法加载模块:Undefined

[ 2018-01-24T16:49:01+08:00 ] 127.0.0.1 /server/undefined
INFO: [ app_init ] --START--
INFO: Run Behavior\BuildLiteBehavior [ RunTime:0.000016s ]
INFO: [ app_init ] --END-- [ RunTime:0.000505s ]
ERR: 无法加载模块:Undefined

[ 2018-01-24T16:49:33+08:00 ] 127.0.0.1 /server/undefined
INFO: [ app_init ] --START--
INFO: Run Behavior\BuildLiteBehavior [ RunTime:0.000017s ]
INFO: [ app_init ] --END-- [ RunTime:0.000596s ]
ERR: 无法加载模块:Undefined

[ 2018-01-24T16:52:38+08:00 ] 127.0.0.1 /server/Public/Upload/img/2018-s01-24/5a680ec4d582f.jpg
INFO: [ app_init ] --START--
INFO: Run Behavior\BuildLiteBehavior [ RunTime:0.000015s ]
INFO: [ app_init ] --END-- [ RunTime:0.000638s ]
ERR: 无法加载模块:Public

[ 2018-01-24T16:52:38+08:00 ] 127.0.0.1 /server/Public/Upload/img/2018-sd01-24/5a680ec4d582f.jpg
INFO: [ app_init ] --START--
INFO: Run Behavior\BuildLiteBehavior [ RunTime:0.000011s ]
INFO: [ app_init ] --END-- [ RunTime:0.000396s ]
ERR: 无法加载模块:Public

[ 2018-01-24T16:53:25+08:00 ] 127.0.0.1 /server/Public/Upload/img/2018-01-24/5a680ec4d582f.jpgd
INFO: [ app_init ] --START--
INFO: Run Behavior\BuildLiteBehavior [ RunTime:0.000010s ]
INFO: [ app_init ] --END-- [ RunTime:0.000387s ]
ERR: 无法加载模块:Public

[ 2018-01-24T16:53:40+08:00 ] 127.0.0.1 /server/Public/Upload/img/2018-01-24/5a680ec4d582f.jpgs
INFO: [ app_init ] --START--
INFO: Run Behavior\BuildLiteBehavior [ RunTime:0.000010s ]
INFO: [ app_init ] --END-- [ RunTime:0.000434s ]
ERR: 无法加载模块:Public

[ 2018-01-24T16:59:13+08:00 ] 127.0.0.1 /server/Public/Upload/img/2018-01-24/5a680ec4d582f.jpgs
INFO: [ app_init ] --START--
INFO: Run Behavior\BuildLiteBehavior [ RunTime:0.000010s ]
INFO: [ app_init ] --END-- [ RunTime:0.000342s ]
ERR: 无法加载模块:Public

[ 2018-01-24T17:19:35+08:00 ] 127.0.0.1 /server/c
INFO: [ app_init ] --START--
INFO: Run Behavior\BuildLiteBehavior [ RunTime:0.000017s ]
INFO: [ app_init ] --END-- [ RunTime:0.000466s ]
ERR: 无法加载模块:C

[ 2018-01-24T17:19:35+08:00 ] 127.0.0.1 /server/b
INFO: [ app_init ] --START--
INFO: Run Behavior\BuildLiteBehavior [ RunTime:0.000018s ]
INFO: [ app_init ] --END-- [ RunTime:0.000528s ]
ERR: 无法加载模块:B

[ 2018-01-24T17:20:13+08:00 ] 127.0.0.1 /server/b
INFO: [ app_init ] --START--
INFO: Run Behavior\BuildLiteBehavior [ RunTime:0.000014s ]
INFO: [ app_init ] --END-- [ RunTime:0.000463s ]
ERR: 无法加载模块:B

[ 2018-01-24T17:20:13+08:00 ] 127.0.0.1 /server/c
INFO: [ app_init ] --START--
INFO: Run Behavior\BuildLiteBehavior [ RunTime:0.000019s ]
INFO: [ app_init ] --END-- [ RunTime:0.000681s ]
ERR: 无法加载模块:C

[ 2018-01-24T17:20:21+08:00 ] 127.0.0.1 /server/c
INFO: [ app_init ] --START--
INFO: Run Behavior\BuildLiteBehavior [ RunTime:0.000020s ]
INFO: [ app_init ] --END-- [ RunTime:0.000507s ]
ERR: 无法加载模块:C

[ 2018-01-24T17:20:21+08:00 ] 127.0.0.1 /server/b
INFO: [ app_init ] --START--
INFO: Run Behavior\BuildLiteBehavior [ RunTime:0.000015s ]
INFO: [ app_init ] --END-- [ RunTime:0.000558s ]
ERR: 无法加载模块:B

[ 2018-01-24T17:20:36+08:00 ] 127.0.0.1 /server/c
INFO: [ app_init ] --START--
INFO: Run Behavior\BuildLiteBehavior [ RunTime:0.000014s ]
INFO: [ app_init ] --END-- [ RunTime:0.000396s ]
ERR: 无法加载模块:C

[ 2018-01-24T17:20:49+08:00 ] 127.0.0.1 /server/c
INFO: [ app_init ] --START--
INFO: Run Behavior\BuildLiteBehavior [ RunTime:0.000018s ]
INFO: [ app_init ] --END-- [ RunTime:0.000579s ]
ERR: 无法加载模块:C

[ 2018-01-24T17:21:06+08:00 ] 127.0.0.1 /server/c
INFO: [ app_init ] --START--
INFO: Run Behavior\BuildLiteBehavior [ RunTime:0.000018s ]
INFO: [ app_init ] --END-- [ RunTime:0.000480s ]
ERR: 无法加载模块:C

[ 2018-01-24T17:21:15+08:00 ] 127.0.0.1 /server/ccc
INFO: [ app_init ] --START--
INFO: Run Behavior\BuildLiteBehavior [ RunTime:0.000022s ]
INFO: [ app_init ] --END-- [ RunTime:0.000599s ]
ERR: 无法加载模块:Ccc

[ 2018-01-24T17:21:38+08:00 ] 127.0.0.1 /server/ccc
INFO: [ app_init ] --START--
INFO: Run Behavior\BuildLiteBehavior [ RunTime:0.000018s ]
INFO: [ app_init ] --END-- [ RunTime:0.000589s ]
ERR: 无法加载模块:Ccc

[ 2018-01-24T17:21:44+08:00 ] 127.0.0.1 /server/cccddd
INFO: [ app_init ] --START--
INFO: Run Behavior\BuildLiteBehavior [ RunTime:0.000010s ]
INFO: [ app_init ] --END-- [ RunTime:0.000348s ]
ERR: 无法加载模块:Cccddd

[ 2018-01-24T17:21:51+08:00 ] 127.0.0.1 /server/1
INFO: [ app_init ] --START--
INFO: Run Behavior\BuildLiteBehavior [ RunTime:0.000017s ]
INFO: [ app_init ] --END-- [ RunTime:0.000519s ]
ERR: 无法加载模块:1

[ 2018-01-24T17:22:05+08:00 ] 127.0.0.1 /server/1
INFO: [ app_init ] --START--
INFO: Run Behavior\BuildLiteBehavior [ RunTime:0.000011s ]
INFO: [ app_init ] --END-- [ RunTime:0.000332s ]
ERR: 无法加载模块:1

[ 2018-01-24T17:22:10+08:00 ] 127.0.0.1 /server/1
INFO: [ app_init ] --START--
INFO: Run Behavior\BuildLiteBehavior [ RunTime:0.000018s ]
INFO: [ app_init ] --END-- [ RunTime:0.000580s ]
ERR: 无法加载模块:1

[ 2018-01-24T17:22:36+08:00 ] 127.0.0.1 /server/1
INFO: [ app_init ] --START--
INFO: Run Behavior\BuildLiteBehavior [ RunTime:0.000022s ]
INFO: [ app_init ] --END-- [ RunTime:0.000563s ]
ERR: 无法加载模块:1

[ 2018-01-24T17:22:46+08:00 ] 127.0.0.1 /server/444
INFO: [ app_init ] --START--
INFO: Run Behavior\BuildLiteBehavior [ RunTime:0.000017s ]
INFO: [ app_init ] --END-- [ RunTime:0.000614s ]
ERR: 无法加载模块:444

[ 2018-01-24T17:22:56+08:00 ] 127.0.0.1 /server/444
INFO: [ app_init ] --START--
INFO: Run Behavior\BuildLiteBehavior [ RunTime:0.000016s ]
INFO: [ app_init ] --END-- [ RunTime:0.000539s ]
ERR: 无法加载模块:444

[ 2018-01-24T17:24:07+08:00 ] 127.0.0.1 /server/444
INFO: [ app_init ] --START--
INFO: Run Behavior\BuildLiteBehavior [ RunTime:0.000016s ]
INFO: [ app_init ] --END-- [ RunTime:0.000437s ]
ERR: 无法加载模块:444

[ 2018-01-24T17:24:23+08:00 ] 127.0.0.1 /server/444
INFO: [ app_init ] --START--
INFO: Run Behavior\BuildLiteBehavior [ RunTime:0.000014s ]
INFO: [ app_init ] --END-- [ RunTime:0.000496s ]
ERR: 无法加载模块:444

[ 2018-01-24T17:24:56+08:00 ] 127.0.0.1 /server/444
INFO: [ app_init ] --START--
INFO: Run Behavior\BuildLiteBehavior [ RunTime:0.000018s ]
INFO: [ app_init ] --END-- [ RunTime:0.000541s ]
ERR: 无法加载模块:444

[ 2018-01-24T17:25:37+08:00 ] 127.0.0.1 /server/444
INFO: [ app_init ] --START--
INFO: Run Behavior\BuildLiteBehavior [ RunTime:0.000022s ]
INFO: [ app_init ] --END-- [ RunTime:0.000417s ]
ERR: 无法加载模块:444

[ 2018-01-24T17:30:00+08:00 ] 127.0.0.1 /server/444
INFO: [ app_init ] --START--
INFO: Run Behavior\BuildLiteBehavior [ RunTime:0.000015s ]
INFO: [ app_init ] --END-- [ RunTime:0.000492s ]
ERR: 无法加载模块:444

[ 2018-01-24T17:30:09+08:00 ] 127.0.0.1 /server/444
INFO: [ app_init ] --START--
INFO: Run Behavior\BuildLiteBehavior [ RunTime:0.000015s ]
INFO: [ app_init ] --END-- [ RunTime:0.000415s ]
ERR: 无法加载模块:444

[ 2018-01-24T17:33:43+08:00 ] 127.0.0.1 /server/444
INFO: [ app_init ] --START--
INFO: Run Behavior\BuildLiteBehavior [ RunTime:0.000035s ]
INFO: [ app_init ] --END-- [ RunTime:0.001011s ]
ERR: 无法加载模块:444

[ 2018-01-24T17:34:02+08:00 ] 127.0.0.1 /server/444
INFO: [ app_init ] --START--
INFO: Run Behavior\BuildLiteBehavior [ RunTime:0.000019s ]
INFO: [ app_init ] --END-- [ RunTime:0.000565s ]
ERR: 无法加载模块:444

[ 2018-01-24T17:34:33+08:00 ] 127.0.0.1 /server/444
INFO: [ app_init ] --START--
INFO: Run Behavior\BuildLiteBehavior [ RunTime:0.000013s ]
INFO: [ app_init ] --END-- [ RunTime:0.000400s ]
ERR: 无法加载模块:444

[ 2018-01-24T17:34:57+08:00 ] 127.0.0.1 /server/444
INFO: [ app_init ] --START--
INFO: Run Behavior\BuildLiteBehavior [ RunTime:0.000012s ]
INFO: [ app_init ] --END-- [ RunTime:0.000377s ]
ERR: 无法加载模块:444

[ 2018-01-24T17:35:01+08:00 ] 127.0.0.1 /server/444
INFO: [ app_init ] --START--
INFO: Run Behavior\BuildLiteBehavior [ RunTime:0.000015s ]
INFO: [ app_init ] --END-- [ RunTime:0.000480s ]
ERR: 无法加载模块:444

[ 2018-01-24T17:35:31+08:00 ] 127.0.0.1 /server/444
INFO: [ app_init ] --START--
INFO: Run Behavior\BuildLiteBehavior [ RunTime:0.000016s ]
INFO: [ app_init ] --END-- [ RunTime:0.000522s ]
ERR: 无法加载模块:444

