[ 2018-01-26T00:33:02+08:00 ] 192.168.1.2 /server/Public/Upload/img/2018-01-25/5a69a88bc02c6.jpgss
INFO: [ app_init ] --START--
INFO: Run Behavior\BuildLiteBehavior [ RunTime:0.000010s ]
INFO: [ app_init ] --END-- [ RunTime:0.000288s ]
ERR: æ— æ³•åŠ è½½æ¨¡å—:Public

[ 2018-01-26T00:34:47+08:00 ] 192.168.1.2 /server/Public/Upload/img/2018-01-25/5a69a88bacfe9.jpgS
INFO: [ app_init ] --START--
INFO: Run Behavior\BuildLiteBehavior [ RunTime:0.000011s ]
INFO: [ app_init ] --END-- [ RunTime:0.000298s ]
ERR: æ— æ³•åŠ è½½æ¨¡å—:Public

[ 2018-01-26T01:02:33+08:00 ] 192.168.1.2 /server/is_select
INFO: [ app_init ] --START--
INFO: Run Behavior\BuildLiteBehavior [ RunTime:0.000008s ]
INFO: [ app_init ] --END-- [ RunTime:0.000220s ]
ERR: æ— æ³•åŠ è½½æ¨¡å—:Is_select

[ 2018-01-26T01:12:43+08:00 ] 192.168.1.2 /server/text-danger
INFO: [ app_init ] --START--
INFO: Run Behavior\BuildLiteBehavior [ RunTime:0.000026s ]
INFO: [ app_init ] --END-- [ RunTime:0.000448s ]
ERR: æ— æ³•åŠ è½½æ¨¡å—:Text-danger

[ 2018-01-26T01:18:48+08:00 ] 192.168.1.2 /server/el-card
INFO: [ app_init ] --START--
INFO: Run Behavior\BuildLiteBehavior [ RunTime:0.000015s ]
INFO: [ app_init ] --END-- [ RunTime:0.000345s ]
ERR: æ— æ³•åŠ è½½æ¨¡å—:El-card

[ 2018-01-26T10:02:52+08:00 ] 192.168.1.2 /server/sPublic/Upload/img/2018-01-25/5a69a88b9ab26.jpg
INFO: [ app_init ] --START--
INFO: Run Behavior\BuildLiteBehavior [ RunTime:0.000014s ]
INFO: [ app_init ] --END-- [ RunTime:0.000378s ]
ERR: æ— æ³•åŠ è½½æ¨¡å—:SPublic

[ 2018-01-26T10:04:02+08:00 ] 192.168.1.2 /server/item-img
INFO: [ app_init ] --START--
INFO: Run Behavior\BuildLiteBehavior [ RunTime:0.000017s ]
INFO: [ app_init ] --END-- [ RunTime:0.000373s ]
ERR: æ— æ³•åŠ è½½æ¨¡å—:Item-img

[ 2018-01-26T10:04:37+08:00 ] 192.168.1.2 /server/a
INFO: [ app_init ] --START--
INFO: Run Behavior\BuildLiteBehavior [ RunTime:0.000014s ]
INFO: [ app_init ] --END-- [ RunTime:0.000390s ]
ERR: æ— æ³•åŠ è½½æ¨¡å—:A

[ 2018-01-26T10:04:37+08:00 ] 192.168.1.2 /server/as
INFO: [ app_init ] --START--
INFO: Run Behavior\BuildLiteBehavior [ RunTime:0.000010s ]
INFO: [ app_init ] --END-- [ RunTime:0.000291s ]
ERR: æ— æ³•åŠ è½½æ¨¡å—:As

[ 2018-01-26T10:04:37+08:00 ] 192.168.1.2 /server/asd
INFO: [ app_init ] --START--
INFO: Run Behavior\BuildLiteBehavior [ RunTime:0.000009s ]
INFO: [ app_init ] --END-- [ RunTime:0.000226s ]
ERR: æ— æ³•åŠ è½½æ¨¡å—:Asd

[ 2018-01-26T10:05:29+08:00 ] 192.168.1.2 /server/%20%20%20%20%20%20%20%20mar-olef
INFO: [ app_init ] --START--
INFO: Run Behavior\BuildLiteBehavior [ RunTime:0.000010s ]
INFO: [ app_init ] --END-- [ RunTime:0.000250s ]
ERR: æ— æ³•åŠ è½½æ¨¡å—:        mar-olef

[ 2018-01-26T10:11:27+08:00 ] 192.168.1.2 /server/%E5%A5%BD%E5%90%83%E7%9A%84%E5%A4%A7%E6%B1%89%E5%A0%A1
INFO: [ app_init ] --START--
INFO: Run Behavior\BuildLiteBehavior [ RunTime:0.000015s ]
INFO: [ app_init ] --END-- [ RunTime:0.000394s ]
ERR: æ— æ³•åŠ è½½æ¨¡å—:å¥½åƒçš„å¤§æ±‰å ¡

[ 2018-01-26T11:51:16+08:00 ] 192.168.1.2 /server/%E5%A4%A7%E9%9D%A2%E5%8C%85
INFO: [ app_init ] --START--
INFO: Run Behavior\BuildLiteBehavior [ RunTime:0.000011s ]
INFO: [ app_init ] --END-- [ RunTime:0.000281s ]
ERR: æ— æ³•åŠ è½½æ¨¡å—:å¤§é¢åŒ

[ 2018-01-26T11:52:50+08:00 ] 192.168.1.2 /server/Public/Upload/img/2018-01-25/.jpg
INFO: [ app_init ] --START--
INFO: Run Behavior\BuildLiteBehavior [ RunTime:0.000011s ]
INFO: [ app_init ] --END-- [ RunTime:0.000307s ]
ERR: æ— æ³•åŠ è½½æ¨¡å—:Public

[ 2018-01-26T11:53:06+08:00 ] 192.168.1.2 /server/Public/Upload/img/2018-01-25/.jpg
INFO: [ app_init ] --START--
INFO: Run Behavior\BuildLiteBehavior [ RunTime:0.000010s ]
INFO: [ app_init ] --END-- [ RunTime:0.000250s ]
ERR: æ— æ³•åŠ è½½æ¨¡å—:Public

[ 2018-01-26T11:53:12+08:00 ] 192.168.1.2 /server/Public/Upload/img/2018-01-25/.jpg
INFO: [ app_init ] --START--
INFO: Run Behavior\BuildLiteBehavior [ RunTime:0.000010s ]
INFO: [ app_init ] --END-- [ RunTime:0.000236s ]
ERR: æ— æ³•åŠ è½½æ¨¡å—:Public

[ 2018-01-26T11:53:18+08:00 ] 192.168.1.2 /server/Public/Upload/img/2018-01-25/.jpg
INFO: [ app_init ] --START--
INFO: Run Behavior\BuildLiteBehavior [ RunTime:0.000013s ]
INFO: [ app_init ] --END-- [ RunTime:0.000305s ]
ERR: æ— æ³•åŠ è½½æ¨¡å—:Public

[ 2018-01-26T11:53:51+08:00 ] 192.168.1.2 /server/%E4%B8%AD%E7%AD%89%E7%9A%84%E9%9D%A2%E5%8C%85
INFO: [ app_init ] --START--
INFO: Run Behavior\BuildLiteBehavior [ RunTime:0.000014s ]
INFO: [ app_init ] --END-- [ RunTime:0.000337s ]
ERR: æ— æ³•åŠ è½½æ¨¡å—:ä¸­ç­‰çš„é¢åŒ

[ 2018-01-26T12:22:59+08:00 ] 192.168.1.2 /server/12
INFO: [ app_init ] --START--
INFO: Run Behavior\BuildLiteBehavior [ RunTime:0.000010s ]
INFO: [ app_init ] --END-- [ RunTime:0.000245s ]
ERR: æ— æ³•åŠ è½½æ¨¡å—:12

[ 2018-01-26T12:22:59+08:00 ] 192.168.1.2 /server/123
INFO: [ app_init ] --START--
INFO: Run Behavior\BuildLiteBehavior [ RunTime:0.000011s ]
INFO: [ app_init ] --END-- [ RunTime:0.000236s ]
ERR: æ— æ³•åŠ è½½æ¨¡å—:123

[ 2018-01-26T12:35:45+08:00 ] 192.168.1.2 /server/1
INFO: [ app_init ] --START--
INFO: Run Behavior\BuildLiteBehavior [ RunTime:0.000009s ]
INFO: [ app_init ] --END-- [ RunTime:0.000258s ]
ERR: æ— æ³•åŠ è½½æ¨¡å—:1

[ 2018-01-26T12:35:46+08:00 ] 192.168.1.2 /server/1
INFO: [ app_init ] --START--
INFO: Run Behavior\BuildLiteBehavior [ RunTime:0.000013s ]
INFO: [ app_init ] --END-- [ RunTime:0.000318s ]
ERR: æ— æ³•åŠ è½½æ¨¡å—:1

[ 2018-01-26T12:35:47+08:00 ] 192.168.1.2 /server/1
INFO: [ app_init ] --START--
INFO: Run Behavior\BuildLiteBehavior [ RunTime:0.000011s ]
INFO: [ app_init ] --END-- [ RunTime:0.000243s ]
ERR: æ— æ³•åŠ è½½æ¨¡å—:1

[ 2018-01-26T12:35:59+08:00 ] 192.168.1.2 /server/1
INFO: [ app_init ] --START--
INFO: Run Behavior\BuildLiteBehavior [ RunTime:0.000015s ]
INFO: [ app_init ] --END-- [ RunTime:0.000412s ]
ERR: æ— æ³•åŠ è½½æ¨¡å—:1

[ 2018-01-26T12:36:10+08:00 ] 192.168.1.2 /server/1
INFO: [ app_init ] --START--
INFO: Run Behavior\BuildLiteBehavior [ RunTime:0.000009s ]
INFO: [ app_init ] --END-- [ RunTime:0.000219s ]
ERR: æ— æ³•åŠ è½½æ¨¡å—:1

[ 2018-01-26T12:36:18+08:00 ] 192.168.1.2 /server/1
INFO: [ app_init ] --START--
INFO: Run Behavior\BuildLiteBehavior [ RunTime:0.000011s ]
INFO: [ app_init ] --END-- [ RunTime:0.000329s ]
ERR: æ— æ³•åŠ è½½æ¨¡å—:1

[ 2018-01-26T12:37:27+08:00 ] 192.168.1.2 /server/1
INFO: [ app_init ] --START--
INFO: Run Behavior\BuildLiteBehavior [ RunTime:0.000011s ]
INFO: [ app_init ] --END-- [ RunTime:0.000272s ]
ERR: æ— æ³•åŠ è½½æ¨¡å—:1

[ 2018-01-26T12:37:43+08:00 ] 192.168.1.2 /server/1
INFO: [ app_init ] --START--
INFO: Run Behavior\BuildLiteBehavior [ RunTime:0.000014s ]
INFO: [ app_init ] --END-- [ RunTime:0.000320s ]
ERR: æ— æ³•åŠ è½½æ¨¡å—:1

[ 2018-01-26T12:37:48+08:00 ] 192.168.1.2 /server/1
INFO: [ app_init ] --START--
INFO: Run Behavior\BuildLiteBehavior [ RunTime:0.000010s ]
INFO: [ app_init ] --END-- [ RunTime:0.000229s ]
ERR: æ— æ³•åŠ è½½æ¨¡å—:1

